2025-07-16 21:01:23.684 | INFO     | __main__:run_comprehensive_demo:243 - ğŸ¯ Iniciando demonstraÃ§Ã£o completa do Sistema de Auto-ExpansÃ£o de InteligÃªncia
2025-07-16 21:01:23.684 | INFO     | __main__:run_comprehensive_demo:244 - ================================================================================
2025-07-16 21:01:23.684 | INFO     | __main__:run_comprehensive_demo:248 - ğŸ“‹ FASE 1: Testando componentes individuais
2025-07-16 21:01:23.685 | INFO     | __main__:run_comprehensive_demo:249 - --------------------------------------------------
2025-07-16 21:01:23.685 | INFO     | __main__:test_cognitive_limitation_detection:41 - ğŸ” Testando detecÃ§Ã£o de limitaÃ§Ãµes cognitivas...
2025-07-16 21:01:23.685 | INFO     | src.autonomous.intelligence_expansion:detect_limitations:177 - ğŸ” Detectando limitaÃ§Ãµes cognitivas do sistema...
2025-07-16 21:01:23.787 | INFO     | src.autonomous.intelligence_expansion:detect_limitations:205 - ğŸ¯ Detectadas 5 limitaÃ§Ãµes cognitivas
2025-07-16 21:01:23.787 | INFO     | __main__:test_cognitive_limitation_detection:46 - âœ… Detectadas 5 limitaÃ§Ãµes cognitivas:
2025-07-16 21:01:23.787 | INFO     | __main__:test_cognitive_limitation_detection:48 -   - CognitiveLimitationType.REASONING_LINEAR: Performance baixa em reasoning_accuracy: 0.65 (esperado: >0.8) (Severidade: medium)
2025-07-16 21:01:23.787 | INFO     | __main__:test_cognitive_limitation_detection:48 -   - CognitiveLimitationType.LEARNING_STATIC: Performance baixa em learning_adaptation_rate: 0.30 (esperado: >0.7) (Severidade: high)
2025-07-16 21:01:23.787 | INFO     | __main__:test_cognitive_limitation_detection:48 -   - CognitiveLimitationType.PREDICTION_LINEAR: Performance baixa em prediction_r2: 0.40 (esperado: >0.7) (Severidade: high)
2025-07-16 21:01:23.787 | INFO     | __main__:test_cognitive_limitation_detection:48 -   - CognitiveLimitationType.PLANNING_SEQUENTIAL: Performance baixa em planning_success_rate: 0.55 (esperado: >0.8) (Severidade: high)
2025-07-16 21:01:23.787 | INFO     | __main__:test_cognitive_limitation_detection:48 -   - CognitiveLimitationType.PATTERN_RECOGNITION_LIMITED: Performance baixa em pattern_recognition_f1: 0.60 (esperado: >0.8) (Severidade: medium)
2025-07-16 21:01:23.787 | INFO     | __main__:test_cognitive_capability_generation:55 - ğŸ§  Testando geraÃ§Ã£o de capacidades cognitivas...
2025-07-16 21:01:23.788 | ERROR    | __main__:run_comprehensive_demo:292 - âŒ Erro durante demonstraÃ§Ã£o: CognitiveLimitation.__init__() got an unexpected keyword argument 'impact_areas'
2025-07-16 21:01:23.788 | ERROR    | __main__:run_comprehensive_demo:293 - Traceback: Traceback (most recent call last):
  File "/home/arthur/projects/hephaestus/test_intelligence_expansion_demo.py", line 252, in run_comprehensive_demo
    capability = await test_cognitive_capability_generation()
                 ^^^^^^^^^^^^^^^^^^^^^^^^^^^^^^^^^^^^^^^^^^^^
  File "/home/arthur/projects/hephaestus/test_intelligence_expansion_demo.py", line 59, in test_cognitive_capability_generation
    limitation = CognitiveLimitation(
                 ^^^^^^^^^^^^^^^^^^^^
TypeError: CognitiveLimitation.__init__() got an unexpected keyword argument 'impact_areas'

2025-07-16 21:01:59.474 | INFO     | __main__:run_comprehensive_demo:253 - ğŸ¯ Iniciando demonstraÃ§Ã£o completa do Sistema de Auto-ExpansÃ£o de InteligÃªncia
2025-07-16 21:01:59.474 | INFO     | __main__:run_comprehensive_demo:254 - ================================================================================
2025-07-16 21:01:59.474 | INFO     | __main__:run_comprehensive_demo:258 - ğŸ“‹ FASE 1: Testando componentes individuais
2025-07-16 21:01:59.474 | INFO     | __main__:run_comprehensive_demo:259 - --------------------------------------------------
2025-07-16 21:01:59.475 | INFO     | __main__:test_cognitive_limitation_detection:41 - ğŸ” Testando detecÃ§Ã£o de limitaÃ§Ãµes cognitivas...
2025-07-16 21:01:59.475 | INFO     | src.autonomous.intelligence_expansion:detect_limitations:177 - ğŸ” Detectando limitaÃ§Ãµes cognitivas do sistema...
2025-07-16 21:01:59.580 | INFO     | src.autonomous.intelligence_expansion:detect_limitations:205 - ğŸ¯ Detectadas 5 limitaÃ§Ãµes cognitivas
2025-07-16 21:01:59.580 | INFO     | __main__:test_cognitive_limitation_detection:46 - âœ… Detectadas 5 limitaÃ§Ãµes cognitivas:
2025-07-16 21:01:59.580 | INFO     | __main__:test_cognitive_limitation_detection:48 -   - CognitiveLimitationType.REASONING_LINEAR: Performance baixa em reasoning_accuracy: 0.65 (esperado: >0.8) (Severidade: medium)
2025-07-16 21:01:59.580 | INFO     | __main__:test_cognitive_limitation_detection:48 -   - CognitiveLimitationType.LEARNING_STATIC: Performance baixa em learning_adaptation_rate: 0.30 (esperado: >0.7) (Severidade: high)
2025-07-16 21:01:59.580 | INFO     | __main__:test_cognitive_limitation_detection:48 -   - CognitiveLimitationType.PREDICTION_LINEAR: Performance baixa em prediction_r2: 0.40 (esperado: >0.7) (Severidade: high)
2025-07-16 21:01:59.580 | INFO     | __main__:test_cognitive_limitation_detection:48 -   - CognitiveLimitationType.PLANNING_SEQUENTIAL: Performance baixa em planning_success_rate: 0.55 (esperado: >0.8) (Severidade: high)
2025-07-16 21:01:59.581 | INFO     | __main__:test_cognitive_limitation_detection:48 -   - CognitiveLimitationType.PATTERN_RECOGNITION_LIMITED: Performance baixa em pattern_recognition_f1: 0.60 (esperado: >0.8) (Severidade: medium)
2025-07-16 21:01:59.581 | INFO     | __main__:test_cognitive_capability_generation:55 - ğŸ§  Testando geraÃ§Ã£o de capacidades cognitivas...
2025-07-16 21:01:59.581 | INFO     | src.autonomous.intelligence_expansion:create_capability:560 - ğŸ§  Criando capacidade para limitaÃ§Ã£o: reasoning_linear
2025-07-16 21:01:59.581 | INFO     | src.autonomous.intelligence_expansion:create_capability:568 - âœ… Capacidade criada: Advanced Reasoning Engine
2025-07-16 21:01:59.581 | INFO     | __main__:test_cognitive_capability_generation:75 - âœ… Capacidade gerada: CapabilityType.ADVANCED_REASONING
2025-07-16 21:01:59.581 | INFO     | __main__:test_cognitive_capability_generation:76 -   - DescriÃ§Ã£o: Sistema de raciocÃ­nio avanÃ§ado com tree-of-thought, chain-of-thought, raciocÃ­nio paralelo e meta-raciocÃ­nio
2025-07-16 21:01:59.581 | ERROR    | __main__:run_comprehensive_demo:302 - âŒ Erro durante demonstraÃ§Ã£o: 'CognitiveCapability' object has no attribute 'algorithms'
2025-07-16 21:01:59.582 | ERROR    | __main__:run_comprehensive_demo:303 - Traceback: Traceback (most recent call last):
  File "/home/arthur/projects/hephaestus/test_intelligence_expansion_demo.py", line 262, in run_comprehensive_demo
    capability = await test_cognitive_capability_generation()
                 ^^^^^^^^^^^^^^^^^^^^^^^^^^^^^^^^^^^^^^^^^^^^
  File "/home/arthur/projects/hephaestus/test_intelligence_expansion_demo.py", line 77, in test_cognitive_capability_generation
    logger.info(f"  - Algoritmos: {', '.join(capability.algorithms)}")
                                             ^^^^^^^^^^^^^^^^^^^^^
AttributeError: 'CognitiveCapability' object has no attribute 'algorithms'

2025-07-16 21:02:28.490 | INFO     | __main__:run_comprehensive_demo:258 - ğŸ¯ Iniciando demonstraÃ§Ã£o completa do Sistema de Auto-ExpansÃ£o de InteligÃªncia
2025-07-16 21:02:28.490 | INFO     | __main__:run_comprehensive_demo:259 - ================================================================================
2025-07-16 21:02:28.490 | INFO     | __main__:run_comprehensive_demo:263 - ğŸ“‹ FASE 1: Testando componentes individuais
2025-07-16 21:02:28.490 | INFO     | __main__:run_comprehensive_demo:264 - --------------------------------------------------
2025-07-16 21:02:28.491 | INFO     | __main__:test_cognitive_limitation_detection:41 - ğŸ” Testando detecÃ§Ã£o de limitaÃ§Ãµes cognitivas...
2025-07-16 21:02:28.491 | INFO     | src.autonomous.intelligence_expansion:detect_limitations:177 - ğŸ” Detectando limitaÃ§Ãµes cognitivas do sistema...
2025-07-16 21:02:28.597 | INFO     | src.autonomous.intelligence_expansion:detect_limitations:205 - ğŸ¯ Detectadas 5 limitaÃ§Ãµes cognitivas
2025-07-16 21:02:28.597 | INFO     | __main__:test_cognitive_limitation_detection:46 - âœ… Detectadas 5 limitaÃ§Ãµes cognitivas:
2025-07-16 21:02:28.598 | INFO     | __main__:test_cognitive_limitation_detection:48 -   - CognitiveLimitationType.REASONING_LINEAR: Performance baixa em reasoning_accuracy: 0.65 (esperado: >0.8) (Severidade: medium)
2025-07-16 21:02:28.598 | INFO     | __main__:test_cognitive_limitation_detection:48 -   - CognitiveLimitationType.LEARNING_STATIC: Performance baixa em learning_adaptation_rate: 0.30 (esperado: >0.7) (Severidade: high)
2025-07-16 21:02:28.598 | INFO     | __main__:test_cognitive_limitation_detection:48 -   - CognitiveLimitationType.PREDICTION_LINEAR: Performance baixa em prediction_r2: 0.40 (esperado: >0.7) (Severidade: high)
2025-07-16 21:02:28.598 | INFO     | __main__:test_cognitive_limitation_detection:48 -   - CognitiveLimitationType.PLANNING_SEQUENTIAL: Performance baixa em planning_success_rate: 0.55 (esperado: >0.8) (Severidade: high)
2025-07-16 21:02:28.598 | INFO     | __main__:test_cognitive_limitation_detection:48 -   - CognitiveLimitationType.PATTERN_RECOGNITION_LIMITED: Performance baixa em pattern_recognition_f1: 0.60 (esperado: >0.8) (Severidade: medium)
2025-07-16 21:02:28.598 | INFO     | __main__:test_cognitive_capability_generation:55 - ğŸ§  Testando geraÃ§Ã£o de capacidades cognitivas...
2025-07-16 21:02:28.598 | INFO     | src.autonomous.intelligence_expansion:create_capability:560 - ğŸ§  Criando capacidade para limitaÃ§Ã£o: reasoning_linear
2025-07-16 21:02:28.598 | INFO     | src.autonomous.intelligence_expansion:create_capability:568 - âœ… Capacidade criada: Advanced Reasoning Engine
2025-07-16 21:02:28.599 | INFO     | __main__:test_cognitive_capability_generation:75 - âœ… Capacidade gerada: CapabilityType.ADVANCED_REASONING
2025-07-16 21:02:28.599 | INFO     | __main__:test_cognitive_capability_generation:76 -   - Nome: Advanced Reasoning Engine
2025-07-16 21:02:28.599 | INFO     | __main__:test_cognitive_capability_generation:77 -   - DescriÃ§Ã£o: Sistema de raciocÃ­nio avanÃ§ado com tree-of-thought, chain-of-thought, raciocÃ­nio paralelo e meta-raciocÃ­nio
2025-07-16 21:02:28.599 | INFO     | __main__:test_cognitive_capability_generation:78 -   - Abordagem: Multi-strategy reasoning with meta-cognitive validation
2025-07-16 21:02:28.599 | INFO     | __main__:test_cognitive_capability_generation:79 -   - Impacto esperado: 0.8
2025-07-16 21:02:28.599 | INFO     | __main__:test_capability_implementation:86 - âš™ï¸ Testando implementaÃ§Ã£o automÃ¡tica de capacidades...
2025-07-16 21:02:28.599 | ERROR    | __main__:run_comprehensive_demo:307 - âŒ Erro durante demonstraÃ§Ã£o: name 'AutoCodeGenerator' is not defined
2025-07-16 21:02:28.600 | ERROR    | __main__:run_comprehensive_demo:308 - Traceback: Traceback (most recent call last):
  File "/home/arthur/projects/hephaestus/test_intelligence_expansion_demo.py", line 268, in run_comprehensive_demo
    impl_result = await test_capability_implementation()
                  ^^^^^^^^^^^^^^^^^^^^^^^^^^^^^^^^^^^^^^
  File "/home/arthur/projects/hephaestus/test_intelligence_expansion_demo.py", line 105, in test_capability_implementation
    engine = CapabilityImplementationEngine()
             ^^^^^^^^^^^^^^^^^^^^^^^^^^^^^^^^
  File "/home/arthur/projects/hephaestus/src/autonomous/intelligence_expansion.py", line 1602, in __init__
    self.code_generator = AutoCodeGenerator()
                          ^^^^^^^^^^^^^^^^^
NameError: name 'AutoCodeGenerator' is not defined

2025-07-16 21:03:10.840 | INFO     | __main__:run_comprehensive_demo:258 - ğŸ¯ Iniciando demonstraÃ§Ã£o completa do Sistema de Auto-ExpansÃ£o de InteligÃªncia
2025-07-16 21:03:10.840 | INFO     | __main__:run_comprehensive_demo:259 - ================================================================================
2025-07-16 21:03:10.840 | INFO     | __main__:run_comprehensive_demo:263 - ğŸ“‹ FASE 1: Testando componentes individuais
2025-07-16 21:03:10.841 | INFO     | __main__:run_comprehensive_demo:264 - --------------------------------------------------
2025-07-16 21:03:10.841 | INFO     | __main__:test_cognitive_limitation_detection:41 - ğŸ” Testando detecÃ§Ã£o de limitaÃ§Ãµes cognitivas...
2025-07-16 21:03:10.841 | INFO     | src.autonomous.intelligence_expansion:detect_limitations:177 - ğŸ” Detectando limitaÃ§Ãµes cognitivas do sistema...
2025-07-16 21:03:10.944 | INFO     | src.autonomous.intelligence_expansion:detect_limitations:205 - ğŸ¯ Detectadas 5 limitaÃ§Ãµes cognitivas
2025-07-16 21:03:10.944 | INFO     | __main__:test_cognitive_limitation_detection:46 - âœ… Detectadas 5 limitaÃ§Ãµes cognitivas:
2025-07-16 21:03:10.944 | INFO     | __main__:test_cognitive_limitation_detection:48 -   - CognitiveLimitationType.REASONING_LINEAR: Performance baixa em reasoning_accuracy: 0.65 (esperado: >0.8) (Severidade: medium)
2025-07-16 21:03:10.945 | INFO     | __main__:test_cognitive_limitation_detection:48 -   - CognitiveLimitationType.LEARNING_STATIC: Performance baixa em learning_adaptation_rate: 0.30 (esperado: >0.7) (Severidade: high)
2025-07-16 21:03:10.945 | INFO     | __main__:test_cognitive_limitation_detection:48 -   - CognitiveLimitationType.PREDICTION_LINEAR: Performance baixa em prediction_r2: 0.40 (esperado: >0.7) (Severidade: high)
2025-07-16 21:03:10.945 | INFO     | __main__:test_cognitive_limitation_detection:48 -   - CognitiveLimitationType.PLANNING_SEQUENTIAL: Performance baixa em planning_success_rate: 0.55 (esperado: >0.8) (Severidade: high)
2025-07-16 21:03:10.945 | INFO     | __main__:test_cognitive_limitation_detection:48 -   - CognitiveLimitationType.PATTERN_RECOGNITION_LIMITED: Performance baixa em pattern_recognition_f1: 0.60 (esperado: >0.8) (Severidade: medium)
2025-07-16 21:03:10.945 | INFO     | __main__:test_cognitive_capability_generation:55 - ğŸ§  Testando geraÃ§Ã£o de capacidades cognitivas...
2025-07-16 21:03:10.945 | INFO     | src.autonomous.intelligence_expansion:create_capability:560 - ğŸ§  Criando capacidade para limitaÃ§Ã£o: reasoning_linear
2025-07-16 21:03:10.945 | INFO     | src.autonomous.intelligence_expansion:create_capability:568 - âœ… Capacidade criada: Advanced Reasoning Engine
2025-07-16 21:03:10.946 | INFO     | __main__:test_cognitive_capability_generation:75 - âœ… Capacidade gerada: CapabilityType.ADVANCED_REASONING
2025-07-16 21:03:10.946 | INFO     | __main__:test_cognitive_capability_generation:76 -   - Nome: Advanced Reasoning Engine
2025-07-16 21:03:10.946 | INFO     | __main__:test_cognitive_capability_generation:77 -   - DescriÃ§Ã£o: Sistema de raciocÃ­nio avanÃ§ado com tree-of-thought, chain-of-thought, raciocÃ­nio paralelo e meta-raciocÃ­nio
2025-07-16 21:03:10.946 | INFO     | __main__:test_cognitive_capability_generation:78 -   - Abordagem: Multi-strategy reasoning with meta-cognitive validation
2025-07-16 21:03:10.946 | INFO     | __main__:test_cognitive_capability_generation:79 -   - Impacto esperado: 0.8
2025-07-16 21:03:10.946 | INFO     | __main__:test_capability_implementation:86 - âš™ï¸ Testando implementaÃ§Ã£o automÃ¡tica de capacidades...
2025-07-16 21:03:10.946 | INFO     | src.autonomous.intelligence_expansion:implement_capability:1611 - ğŸ› ï¸ Implementando capacidade: Advanced Reasoning Engine
2025-07-16 21:03:10.947 | INFO     | src.autonomous.intelligence_expansion:_integrate_capability:2048 - ğŸ”— Integrando capacidade: Advanced Reasoning Engine
2025-07-16 21:03:10.947 | INFO     | src.autonomous.intelligence_expansion:_test_capability:2081 - ğŸ§ª Testando capacidade: Advanced Reasoning Engine
2025-07-16 21:03:10.947 | INFO     | src.autonomous.intelligence_expansion:_deploy_capability:2116 - ğŸš€ Deployando capacidade: Advanced Reasoning Engine
2025-07-16 21:03:10.947 | INFO     | src.autonomous.intelligence_expansion:_validate_capability_performance:2151 - âœ… Validando performance: Advanced Reasoning Engine
2025-07-16 21:03:10.948 | INFO     | __main__:test_capability_implementation:108 - âœ… ImplementaÃ§Ã£o bem-sucedida
2025-07-16 21:03:10.948 | INFO     | __main__:test_capability_implementation:109 -   - Arquivos criados: 3
2025-07-16 21:03:10.948 | INFO     | __main__:test_capability_implementation:111 -     â€¢ src/cognitive/advanced_reasoning_engine.py
2025-07-16 21:03:10.948 | INFO     | __main__:test_capability_implementation:111 -     â€¢ src/cognitive/advanced_reasoning_interface.py
2025-07-16 21:03:10.948 | INFO     | __main__:test_capability_implementation:111 -     â€¢ tests/test_advanced_reasoning.py
2025-07-16 21:03:10.948 | INFO     | __main__:test_need_detection:118 - ğŸ” Testando detecÃ§Ã£o de necessidades funcionais...
2025-07-16 21:03:10.948 | ERROR    | __main__:run_comprehensive_demo:307 - âŒ Erro durante demonstraÃ§Ã£o: 'NeedDetectionSystem' object has no attribute 'detect_functionality_needs'
2025-07-16 21:03:10.949 | ERROR    | __main__:run_comprehensive_demo:308 - Traceback: Traceback (most recent call last):
  File "/home/arthur/projects/hephaestus/test_intelligence_expansion_demo.py", line 269, in run_comprehensive_demo
    needs = await test_need_detection()
            ^^^^^^^^^^^^^^^^^^^^^^^^^^^
  File "/home/arthur/projects/hephaestus/test_intelligence_expansion_demo.py", line 121, in test_need_detection
    needs = await detector.detect_functionality_needs()
                  ^^^^^^^^^^^^^^^^^^^^^^^^^^^^^^^^^^^
AttributeError: 'NeedDetectionSystem' object has no attribute 'detect_functionality_needs'

2025-07-16 21:03:36.478 | INFO     | __main__:run_comprehensive_demo:258 - ğŸ¯ Iniciando demonstraÃ§Ã£o completa do Sistema de Auto-ExpansÃ£o de InteligÃªncia
2025-07-16 21:03:36.478 | INFO     | __main__:run_comprehensive_demo:259 - ================================================================================
2025-07-16 21:03:36.478 | INFO     | __main__:run_comprehensive_demo:263 - ğŸ“‹ FASE 1: Testando componentes individuais
2025-07-16 21:03:36.479 | INFO     | __main__:run_comprehensive_demo:264 - --------------------------------------------------
2025-07-16 21:03:36.479 | INFO     | __main__:test_cognitive_limitation_detection:41 - ğŸ” Testando detecÃ§Ã£o de limitaÃ§Ãµes cognitivas...
2025-07-16 21:03:36.479 | INFO     | src.autonomous.intelligence_expansion:detect_limitations:177 - ğŸ” Detectando limitaÃ§Ãµes cognitivas do sistema...
2025-07-16 21:03:36.599 | INFO     | src.autonomous.intelligence_expansion:detect_limitations:205 - ğŸ¯ Detectadas 5 limitaÃ§Ãµes cognitivas
2025-07-16 21:03:36.599 | INFO     | __main__:test_cognitive_limitation_detection:46 - âœ… Detectadas 5 limitaÃ§Ãµes cognitivas:
2025-07-16 21:03:36.599 | INFO     | __main__:test_cognitive_limitation_detection:48 -   - CognitiveLimitationType.REASONING_LINEAR: Performance baixa em reasoning_accuracy: 0.65 (esperado: >0.8) (Severidade: medium)
2025-07-16 21:03:36.599 | INFO     | __main__:test_cognitive_limitation_detection:48 -   - CognitiveLimitationType.LEARNING_STATIC: Performance baixa em learning_adaptation_rate: 0.30 (esperado: >0.7) (Severidade: high)
2025-07-16 21:03:36.599 | INFO     | __main__:test_cognitive_limitation_detection:48 -   - CognitiveLimitationType.PREDICTION_LINEAR: Performance baixa em prediction_r2: 0.40 (esperado: >0.7) (Severidade: high)
2025-07-16 21:03:36.599 | INFO     | __main__:test_cognitive_limitation_detection:48 -   - CognitiveLimitationType.PLANNING_SEQUENTIAL: Performance baixa em planning_success_rate: 0.55 (esperado: >0.8) (Severidade: high)
2025-07-16 21:03:36.599 | INFO     | __main__:test_cognitive_limitation_detection:48 -   - CognitiveLimitationType.PATTERN_RECOGNITION_LIMITED: Performance baixa em pattern_recognition_f1: 0.60 (esperado: >0.8) (Severidade: medium)
2025-07-16 21:03:36.599 | INFO     | __main__:test_cognitive_capability_generation:55 - ğŸ§  Testando geraÃ§Ã£o de capacidades cognitivas...
2025-07-16 21:03:36.600 | INFO     | src.autonomous.intelligence_expansion:create_capability:560 - ğŸ§  Criando capacidade para limitaÃ§Ã£o: reasoning_linear
2025-07-16 21:03:36.600 | INFO     | src.autonomous.intelligence_expansion:create_capability:568 - âœ… Capacidade criada: Advanced Reasoning Engine
2025-07-16 21:03:36.600 | INFO     | __main__:test_cognitive_capability_generation:75 - âœ… Capacidade gerada: CapabilityType.ADVANCED_REASONING
2025-07-16 21:03:36.600 | INFO     | __main__:test_cognitive_capability_generation:76 -   - Nome: Advanced Reasoning Engine
2025-07-16 21:03:36.600 | INFO     | __main__:test_cognitive_capability_generation:77 -   - DescriÃ§Ã£o: Sistema de raciocÃ­nio avanÃ§ado com tree-of-thought, chain-of-thought, raciocÃ­nio paralelo e meta-raciocÃ­nio
2025-07-16 21:03:36.600 | INFO     | __main__:test_cognitive_capability_generation:78 -   - Abordagem: Multi-strategy reasoning with meta-cognitive validation
2025-07-16 21:03:36.600 | INFO     | __main__:test_cognitive_capability_generation:79 -   - Impacto esperado: 0.8
2025-07-16 21:03:36.600 | INFO     | __main__:test_capability_implementation:86 - âš™ï¸ Testando implementaÃ§Ã£o automÃ¡tica de capacidades...
2025-07-16 21:03:36.600 | INFO     | src.autonomous.intelligence_expansion:implement_capability:1611 - ğŸ› ï¸ Implementando capacidade: Advanced Reasoning Engine
2025-07-16 21:03:36.601 | INFO     | src.autonomous.intelligence_expansion:_integrate_capability:2048 - ğŸ”— Integrando capacidade: Advanced Reasoning Engine
2025-07-16 21:03:36.601 | INFO     | src.autonomous.intelligence_expansion:_test_capability:2081 - ğŸ§ª Testando capacidade: Advanced Reasoning Engine
2025-07-16 21:03:36.601 | INFO     | src.autonomous.intelligence_expansion:_deploy_capability:2116 - ğŸš€ Deployando capacidade: Advanced Reasoning Engine
2025-07-16 21:03:36.601 | INFO     | src.autonomous.intelligence_expansion:_validate_capability_performance:2151 - âœ… Validando performance: Advanced Reasoning Engine
2025-07-16 21:03:36.601 | INFO     | __main__:test_capability_implementation:108 - âœ… ImplementaÃ§Ã£o bem-sucedida
2025-07-16 21:03:36.601 | INFO     | __main__:test_capability_implementation:109 -   - Arquivos criados: 3
2025-07-16 21:03:36.601 | INFO     | __main__:test_capability_implementation:111 -     â€¢ src/cognitive/advanced_reasoning_engine.py
2025-07-16 21:03:36.602 | INFO     | __main__:test_capability_implementation:111 -     â€¢ src/cognitive/advanced_reasoning_interface.py
2025-07-16 21:03:36.602 | INFO     | __main__:test_capability_implementation:111 -     â€¢ tests/test_advanced_reasoning.py
2025-07-16 21:03:36.602 | INFO     | __main__:test_need_detection:118 - ğŸ” Testando detecÃ§Ã£o de necessidades funcionais...
2025-07-16 21:03:36.602 | INFO     | src.autonomous.intelligence_expansion:detect_unmet_needs:2252 - ğŸ” Detectando necessidades funcionais nÃ£o atendidas...
2025-07-16 21:03:36.652 | INFO     | src.autonomous.intelligence_expansion:detect_unmet_needs:2280 - ğŸ¯ Detectadas 21 necessidades nÃ£o atendidas
2025-07-16 21:03:36.652 | INFO     | __main__:test_need_detection:123 - âœ… Detectadas 21 necessidades funcionais:
2025-07-16 21:03:36.652 | INFO     | __main__:test_need_detection:125 -   - FunctionalityNeedType.API_MISSING: UsuÃ¡rios tentaram acessar /api/v1/sentiment-analysis 15 vezes (UrgÃªncia: medium)
2025-07-16 21:03:36.653 | INFO     | __main__:test_need_detection:125 -   - FunctionalityNeedType.API_MISSING: UsuÃ¡rios tentaram acessar /api/v1/recommendation-engine 8 vezes (UrgÃªncia: medium)
2025-07-16 21:03:36.653 | INFO     | __main__:test_need_detection:125 -   - FunctionalityNeedType.API_MISSING: UsuÃ¡rios tentaram acessar /api/v1/anomaly-detection 12 vezes (UrgÃªncia: medium)
2025-07-16 21:03:36.653 | INFO     | __main__:test_need_detection:125 -   - FunctionalityNeedType.API_MISSING: UsuÃ¡rios tentaram acessar /api/v1/auto-trading 25 vezes (UrgÃªncia: high)
2025-07-16 21:03:36.653 | INFO     | __main__:test_need_detection:125 -   - FunctionalityNeedType.API_MISSING: UsuÃ¡rios tentaram acessar /api/v1/predictive-analytics 18 vezes (UrgÃªncia: high)
2025-07-16 21:03:36.653 | INFO     | __main__:test_feature_generation:132 - ğŸš€ Testando geraÃ§Ã£o automÃ¡tica de features...
2025-07-16 21:03:36.653 | INFO     | src.autonomous.intelligence_expansion:create_feature:2723 - ğŸ—ï¸ Criando feature: Performance Optimization API
2025-07-16 21:03:36.654 | INFO     | src.autonomous.intelligence_expansion:create_feature:2763 - âœ… Feature criada: Performance Optimization API
2025-07-16 21:03:36.654 | ERROR    | __main__:run_comprehensive_demo:307 - âŒ Erro durante demonstraÃ§Ã£o: 'GeneratedFeature' object has no attribute 'feature_name'
2025-07-16 21:03:36.656 | ERROR    | __main__:run_comprehensive_demo:308 - Traceback: Traceback (most recent call last):
  File "/home/arthur/projects/hephaestus/test_intelligence_expansion_demo.py", line 270, in run_comprehensive_demo
    feature = await test_feature_generation()
              ^^^^^^^^^^^^^^^^^^^^^^^^^^^^^^^
  File "/home/arthur/projects/hephaestus/test_intelligence_expansion_demo.py", line 155, in test_feature_generation
    logger.info(f"âœ… Feature gerada: {feature.feature_name}")
                                      ^^^^^^^^^^^^^^^^^^^^
AttributeError: 'GeneratedFeature' object has no attribute 'feature_name'

2025-07-16 21:04:05.650 | INFO     | __main__:run_comprehensive_demo:261 - ğŸ¯ Iniciando demonstraÃ§Ã£o completa do Sistema de Auto-ExpansÃ£o de InteligÃªncia
2025-07-16 21:04:05.650 | INFO     | __main__:run_comprehensive_demo:262 - ================================================================================
2025-07-16 21:04:05.651 | INFO     | __main__:run_comprehensive_demo:266 - ğŸ“‹ FASE 1: Testando componentes individuais
2025-07-16 21:04:05.651 | INFO     | __main__:run_comprehensive_demo:267 - --------------------------------------------------
2025-07-16 21:04:05.651 | INFO     | __main__:test_cognitive_limitation_detection:41 - ğŸ” Testando detecÃ§Ã£o de limitaÃ§Ãµes cognitivas...
2025-07-16 21:04:05.651 | INFO     | src.autonomous.intelligence_expansion:detect_limitations:177 - ğŸ” Detectando limitaÃ§Ãµes cognitivas do sistema...
2025-07-16 21:04:05.757 | INFO     | src.autonomous.intelligence_expansion:detect_limitations:205 - ğŸ¯ Detectadas 5 limitaÃ§Ãµes cognitivas
2025-07-16 21:04:05.757 | INFO     | __main__:test_cognitive_limitation_detection:46 - âœ… Detectadas 5 limitaÃ§Ãµes cognitivas:
2025-07-16 21:04:05.757 | INFO     | __main__:test_cognitive_limitation_detection:48 -   - CognitiveLimitationType.REASONING_LINEAR: Performance baixa em reasoning_accuracy: 0.65 (esperado: >0.8) (Severidade: medium)
2025-07-16 21:04:05.757 | INFO     | __main__:test_cognitive_limitation_detection:48 -   - CognitiveLimitationType.LEARNING_STATIC: Performance baixa em learning_adaptation_rate: 0.30 (esperado: >0.7) (Severidade: high)
2025-07-16 21:04:05.758 | INFO     | __main__:test_cognitive_limitation_detection:48 -   - CognitiveLimitationType.PREDICTION_LINEAR: Performance baixa em prediction_r2: 0.40 (esperado: >0.7) (Severidade: high)
2025-07-16 21:04:05.758 | INFO     | __main__:test_cognitive_limitation_detection:48 -   - CognitiveLimitationType.PLANNING_SEQUENTIAL: Performance baixa em planning_success_rate: 0.55 (esperado: >0.8) (Severidade: high)
2025-07-16 21:04:05.758 | INFO     | __main__:test_cognitive_limitation_detection:48 -   - CognitiveLimitationType.PATTERN_RECOGNITION_LIMITED: Performance baixa em pattern_recognition_f1: 0.60 (esperado: >0.8) (Severidade: medium)
2025-07-16 21:04:05.758 | INFO     | __main__:test_cognitive_capability_generation:55 - ğŸ§  Testando geraÃ§Ã£o de capacidades cognitivas...
2025-07-16 21:04:05.758 | INFO     | src.autonomous.intelligence_expansion:create_capability:560 - ğŸ§  Criando capacidade para limitaÃ§Ã£o: reasoning_linear
2025-07-16 21:04:05.758 | INFO     | src.autonomous.intelligence_expansion:create_capability:568 - âœ… Capacidade criada: Advanced Reasoning Engine
2025-07-16 21:04:05.758 | INFO     | __main__:test_cognitive_capability_generation:75 - âœ… Capacidade gerada: CapabilityType.ADVANCED_REASONING
2025-07-16 21:04:05.758 | INFO     | __main__:test_cognitive_capability_generation:76 -   - Nome: Advanced Reasoning Engine
2025-07-16 21:04:05.758 | INFO     | __main__:test_cognitive_capability_generation:77 -   - DescriÃ§Ã£o: Sistema de raciocÃ­nio avanÃ§ado com tree-of-thought, chain-of-thought, raciocÃ­nio paralelo e meta-raciocÃ­nio
2025-07-16 21:04:05.758 | INFO     | __main__:test_cognitive_capability_generation:78 -   - Abordagem: Multi-strategy reasoning with meta-cognitive validation
2025-07-16 21:04:05.759 | INFO     | __main__:test_cognitive_capability_generation:79 -   - Impacto esperado: 0.8
2025-07-16 21:04:05.759 | INFO     | __main__:test_capability_implementation:86 - âš™ï¸ Testando implementaÃ§Ã£o automÃ¡tica de capacidades...
2025-07-16 21:04:05.759 | INFO     | src.autonomous.intelligence_expansion:implement_capability:1611 - ğŸ› ï¸ Implementando capacidade: Advanced Reasoning Engine
2025-07-16 21:04:05.759 | INFO     | src.autonomous.intelligence_expansion:_integrate_capability:2048 - ğŸ”— Integrando capacidade: Advanced Reasoning Engine
2025-07-16 21:04:05.759 | INFO     | src.autonomous.intelligence_expansion:_test_capability:2081 - ğŸ§ª Testando capacidade: Advanced Reasoning Engine
2025-07-16 21:04:05.759 | INFO     | src.autonomous.intelligence_expansion:_deploy_capability:2116 - ğŸš€ Deployando capacidade: Advanced Reasoning Engine
2025-07-16 21:04:05.760 | INFO     | src.autonomous.intelligence_expansion:_validate_capability_performance:2151 - âœ… Validando performance: Advanced Reasoning Engine
2025-07-16 21:04:05.760 | INFO     | __main__:test_capability_implementation:108 - âœ… ImplementaÃ§Ã£o bem-sucedida
2025-07-16 21:04:05.760 | INFO     | __main__:test_capability_implementation:109 -   - Arquivos criados: 3
2025-07-16 21:04:05.760 | INFO     | __main__:test_capability_implementation:111 -     â€¢ src/cognitive/advanced_reasoning_engine.py
2025-07-16 21:04:05.760 | INFO     | __main__:test_capability_implementation:111 -     â€¢ src/cognitive/advanced_reasoning_interface.py
2025-07-16 21:04:05.760 | INFO     | __main__:test_capability_implementation:111 -     â€¢ tests/test_advanced_reasoning.py
2025-07-16 21:04:05.760 | INFO     | __main__:test_need_detection:118 - ğŸ” Testando detecÃ§Ã£o de necessidades funcionais...
2025-07-16 21:04:05.760 | INFO     | src.autonomous.intelligence_expansion:detect_unmet_needs:2252 - ğŸ” Detectando necessidades funcionais nÃ£o atendidas...
2025-07-16 21:04:05.825 | INFO     | src.autonomous.intelligence_expansion:detect_unmet_needs:2280 - ğŸ¯ Detectadas 21 necessidades nÃ£o atendidas
2025-07-16 21:04:05.825 | INFO     | __main__:test_need_detection:123 - âœ… Detectadas 21 necessidades funcionais:
2025-07-16 21:04:05.825 | INFO     | __main__:test_need_detection:125 -   - FunctionalityNeedType.API_MISSING: UsuÃ¡rios tentaram acessar /api/v1/sentiment-analysis 15 vezes (UrgÃªncia: medium)
2025-07-16 21:04:05.826 | INFO     | __main__:test_need_detection:125 -   - FunctionalityNeedType.API_MISSING: UsuÃ¡rios tentaram acessar /api/v1/recommendation-engine 8 vezes (UrgÃªncia: medium)
2025-07-16 21:04:05.826 | INFO     | __main__:test_need_detection:125 -   - FunctionalityNeedType.API_MISSING: UsuÃ¡rios tentaram acessar /api/v1/anomaly-detection 12 vezes (UrgÃªncia: medium)
2025-07-16 21:04:05.826 | INFO     | __main__:test_need_detection:125 -   - FunctionalityNeedType.API_MISSING: UsuÃ¡rios tentaram acessar /api/v1/auto-trading 25 vezes (UrgÃªncia: high)
2025-07-16 21:04:05.826 | INFO     | __main__:test_need_detection:125 -   - FunctionalityNeedType.API_MISSING: UsuÃ¡rios tentaram acessar /api/v1/predictive-analytics 18 vezes (UrgÃªncia: high)
2025-07-16 21:04:05.826 | INFO     | __main__:test_feature_generation:132 - ğŸš€ Testando geraÃ§Ã£o automÃ¡tica de features...
2025-07-16 21:04:05.826 | INFO     | src.autonomous.intelligence_expansion:create_feature:2723 - ğŸ—ï¸ Criando feature: Performance Optimization API
2025-07-16 21:04:05.827 | INFO     | src.autonomous.intelligence_expansion:create_feature:2763 - âœ… Feature criada: Performance Optimization API
2025-07-16 21:04:05.827 | INFO     | __main__:test_feature_generation:155 - âœ… Feature gerada: Performance Optimization API
2025-07-16 21:04:05.827 | INFO     | __main__:test_feature_generation:156 -   - DescriÃ§Ã£o: API de otimizaÃ§Ã£o de performance em tempo real
2025-07-16 21:04:05.827 | INFO     | __main__:test_feature_generation:157 -   - APIs: 3 endpoints
2025-07-16 21:04:05.827 | INFO     | __main__:test_feature_generation:158 -   - Testes: 0 arquivos de teste
2025-07-16 21:04:05.827 | INFO     | __main__:test_auto_integration:165 - ğŸ”§ Testando integraÃ§Ã£o automÃ¡tica...
2025-07-16 21:04:05.827 | ERROR    | __main__:run_comprehensive_demo:310 - âŒ Erro durante demonstraÃ§Ã£o: 'AutoIntegrationEngine' object has no attribute 'integrate_improvement'
2025-07-16 21:04:05.828 | ERROR    | __main__:run_comprehensive_demo:311 - Traceback: Traceback (most recent call last):
  File "/home/arthur/projects/hephaestus/test_intelligence_expansion_demo.py", line 274, in run_comprehensive_demo
    integration_result = await test_auto_integration()
                         ^^^^^^^^^^^^^^^^^^^^^^^^^^^^^
  File "/home/arthur/projects/hephaestus/test_intelligence_expansion_demo.py", line 186, in test_auto_integration
    result = await integrator.integrate_improvement(feature, improvement_type="feature")
                   ^^^^^^^^^^^^^^^^^^^^^^^^^^^^^^^^
AttributeError: 'AutoIntegrationEngine' object has no attribute 'integrate_improvement'

2025-07-16 21:04:24.653 | INFO     | __main__:run_comprehensive_demo:261 - ğŸ¯ Iniciando demonstraÃ§Ã£o completa do Sistema de Auto-ExpansÃ£o de InteligÃªncia
2025-07-16 21:04:24.653 | INFO     | __main__:run_comprehensive_demo:262 - ================================================================================
2025-07-16 21:04:24.653 | INFO     | __main__:run_comprehensive_demo:266 - ğŸ“‹ FASE 1: Testando componentes individuais
2025-07-16 21:04:24.653 | INFO     | __main__:run_comprehensive_demo:267 - --------------------------------------------------
2025-07-16 21:04:24.654 | INFO     | __main__:test_cognitive_limitation_detection:41 - ğŸ” Testando detecÃ§Ã£o de limitaÃ§Ãµes cognitivas...
2025-07-16 21:04:24.654 | INFO     | src.autonomous.intelligence_expansion:detect_limitations:177 - ğŸ” Detectando limitaÃ§Ãµes cognitivas do sistema...
2025-07-16 21:04:24.760 | INFO     | src.autonomous.intelligence_expansion:detect_limitations:205 - ğŸ¯ Detectadas 5 limitaÃ§Ãµes cognitivas
2025-07-16 21:04:24.760 | INFO     | __main__:test_cognitive_limitation_detection:46 - âœ… Detectadas 5 limitaÃ§Ãµes cognitivas:
2025-07-16 21:04:24.761 | INFO     | __main__:test_cognitive_limitation_detection:48 -   - CognitiveLimitationType.REASONING_LINEAR: Performance baixa em reasoning_accuracy: 0.65 (esperado: >0.8) (Severidade: medium)
2025-07-16 21:04:24.761 | INFO     | __main__:test_cognitive_limitation_detection:48 -   - CognitiveLimitationType.LEARNING_STATIC: Performance baixa em learning_adaptation_rate: 0.30 (esperado: >0.7) (Severidade: high)
2025-07-16 21:04:24.761 | INFO     | __main__:test_cognitive_limitation_detection:48 -   - CognitiveLimitationType.PREDICTION_LINEAR: Performance baixa em prediction_r2: 0.40 (esperado: >0.7) (Severidade: high)
2025-07-16 21:04:24.761 | INFO     | __main__:test_cognitive_limitation_detection:48 -   - CognitiveLimitationType.PLANNING_SEQUENTIAL: Performance baixa em planning_success_rate: 0.55 (esperado: >0.8) (Severidade: high)
2025-07-16 21:04:24.761 | INFO     | __main__:test_cognitive_limitation_detection:48 -   - CognitiveLimitationType.PATTERN_RECOGNITION_LIMITED: Performance baixa em pattern_recognition_f1: 0.60 (esperado: >0.8) (Severidade: medium)
2025-07-16 21:04:24.761 | INFO     | __main__:test_cognitive_capability_generation:55 - ğŸ§  Testando geraÃ§Ã£o de capacidades cognitivas...
2025-07-16 21:04:24.761 | INFO     | src.autonomous.intelligence_expansion:create_capability:560 - ğŸ§  Criando capacidade para limitaÃ§Ã£o: reasoning_linear
2025-07-16 21:04:24.761 | INFO     | src.autonomous.intelligence_expansion:create_capability:568 - âœ… Capacidade criada: Advanced Reasoning Engine
2025-07-16 21:04:24.762 | INFO     | __main__:test_cognitive_capability_generation:75 - âœ… Capacidade gerada: CapabilityType.ADVANCED_REASONING
2025-07-16 21:04:24.762 | INFO     | __main__:test_cognitive_capability_generation:76 -   - Nome: Advanced Reasoning Engine
2025-07-16 21:04:24.762 | INFO     | __main__:test_cognitive_capability_generation:77 -   - DescriÃ§Ã£o: Sistema de raciocÃ­nio avanÃ§ado com tree-of-thought, chain-of-thought, raciocÃ­nio paralelo e meta-raciocÃ­nio
2025-07-16 21:04:24.762 | INFO     | __main__:test_cognitive_capability_generation:78 -   - Abordagem: Multi-strategy reasoning with meta-cognitive validation
2025-07-16 21:04:24.762 | INFO     | __main__:test_cognitive_capability_generation:79 -   - Impacto esperado: 0.8
2025-07-16 21:04:24.762 | INFO     | __main__:test_capability_implementation:86 - âš™ï¸ Testando implementaÃ§Ã£o automÃ¡tica de capacidades...
2025-07-16 21:04:24.762 | INFO     | src.autonomous.intelligence_expansion:implement_capability:1611 - ğŸ› ï¸ Implementando capacidade: Advanced Reasoning Engine
2025-07-16 21:04:24.763 | INFO     | src.autonomous.intelligence_expansion:_integrate_capability:2048 - ğŸ”— Integrando capacidade: Advanced Reasoning Engine
2025-07-16 21:04:24.763 | INFO     | src.autonomous.intelligence_expansion:_test_capability:2081 - ğŸ§ª Testando capacidade: Advanced Reasoning Engine
2025-07-16 21:04:24.763 | INFO     | src.autonomous.intelligence_expansion:_deploy_capability:2116 - ğŸš€ Deployando capacidade: Advanced Reasoning Engine
2025-07-16 21:04:24.763 | INFO     | src.autonomous.intelligence_expansion:_validate_capability_performance:2151 - âœ… Validando performance: Advanced Reasoning Engine
2025-07-16 21:04:24.763 | INFO     | __main__:test_capability_implementation:108 - âœ… ImplementaÃ§Ã£o bem-sucedida
2025-07-16 21:04:24.763 | INFO     | __main__:test_capability_implementation:109 -   - Arquivos criados: 3
2025-07-16 21:04:24.763 | INFO     | __main__:test_capability_implementation:111 -     â€¢ src/cognitive/advanced_reasoning_engine.py
2025-07-16 21:04:24.763 | INFO     | __main__:test_capability_implementation:111 -     â€¢ src/cognitive/advanced_reasoning_interface.py
2025-07-16 21:04:24.764 | INFO     | __main__:test_capability_implementation:111 -     â€¢ tests/test_advanced_reasoning.py
2025-07-16 21:04:24.764 | INFO     | __main__:test_need_detection:118 - ğŸ” Testando detecÃ§Ã£o de necessidades funcionais...
2025-07-16 21:04:24.764 | INFO     | src.autonomous.intelligence_expansion:detect_unmet_needs:2252 - ğŸ” Detectando necessidades funcionais nÃ£o atendidas...
2025-07-16 21:04:24.814 | INFO     | src.autonomous.intelligence_expansion:detect_unmet_needs:2280 - ğŸ¯ Detectadas 21 necessidades nÃ£o atendidas
2025-07-16 21:04:24.814 | INFO     | __main__:test_need_detection:123 - âœ… Detectadas 21 necessidades funcionais:
2025-07-16 21:04:24.814 | INFO     | __main__:test_need_detection:125 -   - FunctionalityNeedType.API_MISSING: UsuÃ¡rios tentaram acessar /api/v1/sentiment-analysis 15 vezes (UrgÃªncia: medium)
2025-07-16 21:04:24.814 | INFO     | __main__:test_need_detection:125 -   - FunctionalityNeedType.API_MISSING: UsuÃ¡rios tentaram acessar /api/v1/recommendation-engine 8 vezes (UrgÃªncia: medium)
2025-07-16 21:04:24.814 | INFO     | __main__:test_need_detection:125 -   - FunctionalityNeedType.API_MISSING: UsuÃ¡rios tentaram acessar /api/v1/anomaly-detection 12 vezes (UrgÃªncia: medium)
2025-07-16 21:04:24.814 | INFO     | __main__:test_need_detection:125 -   - FunctionalityNeedType.API_MISSING: UsuÃ¡rios tentaram acessar /api/v1/auto-trading 25 vezes (UrgÃªncia: high)
2025-07-16 21:04:24.815 | INFO     | __main__:test_need_detection:125 -   - FunctionalityNeedType.API_MISSING: UsuÃ¡rios tentaram acessar /api/v1/predictive-analytics 18 vezes (UrgÃªncia: high)
2025-07-16 21:04:24.815 | INFO     | __main__:test_feature_generation:132 - ğŸš€ Testando geraÃ§Ã£o automÃ¡tica de features...
2025-07-16 21:04:24.815 | INFO     | src.autonomous.intelligence_expansion:create_feature:2723 - ğŸ—ï¸ Criando feature: Performance Optimization API
2025-07-16 21:04:24.815 | INFO     | src.autonomous.intelligence_expansion:create_feature:2763 - âœ… Feature criada: Performance Optimization API
2025-07-16 21:04:24.816 | INFO     | __main__:test_feature_generation:155 - âœ… Feature gerada: Performance Optimization API
2025-07-16 21:04:24.816 | INFO     | __main__:test_feature_generation:156 -   - DescriÃ§Ã£o: API de otimizaÃ§Ã£o de performance em tempo real
2025-07-16 21:04:24.816 | INFO     | __main__:test_feature_generation:157 -   - APIs: 3 endpoints
2025-07-16 21:04:24.816 | INFO     | __main__:test_feature_generation:158 -   - Testes: 0 arquivos de teste
2025-07-16 21:04:24.816 | INFO     | __main__:test_auto_integration:165 - ğŸ”§ Testando integraÃ§Ã£o automÃ¡tica...
2025-07-16 21:04:24.816 | INFO     | src.autonomous.intelligence_expansion:integrate_feature:3725 - ğŸ”— Integrando feature: Real-time Performance Optimization API
2025-07-16 21:04:24.816 | ERROR    | __main__:run_comprehensive_demo:310 - âŒ Erro durante demonstraÃ§Ã£o: 'dict' object has no attribute 'success'
2025-07-16 21:04:24.816 | ERROR    | __main__:run_comprehensive_demo:311 - Traceback: Traceback (most recent call last):
  File "/home/arthur/projects/hephaestus/test_intelligence_expansion_demo.py", line 274, in run_comprehensive_demo
    integration_result = await test_auto_integration()
                         ^^^^^^^^^^^^^^^^^^^^^^^^^^^^^
  File "/home/arthur/projects/hephaestus/test_intelligence_expansion_demo.py", line 188, in test_auto_integration
    logger.info(f"âœ… IntegraÃ§Ã£o {'bem-sucedida' if result.success else 'falhou'}")
                                                   ^^^^^^^^^^^^^^
AttributeError: 'dict' object has no attribute 'success'

2025-07-16 21:04:41.540 | INFO     | __main__:run_comprehensive_demo:263 - ğŸ¯ Iniciando demonstraÃ§Ã£o completa do Sistema de Auto-ExpansÃ£o de InteligÃªncia
2025-07-16 21:04:41.541 | INFO     | __main__:run_comprehensive_demo:264 - ================================================================================
2025-07-16 21:04:41.541 | INFO     | __main__:run_comprehensive_demo:268 - ğŸ“‹ FASE 1: Testando componentes individuais
2025-07-16 21:04:41.541 | INFO     | __main__:run_comprehensive_demo:269 - --------------------------------------------------
2025-07-16 21:04:41.541 | INFO     | __main__:test_cognitive_limitation_detection:41 - ğŸ” Testando detecÃ§Ã£o de limitaÃ§Ãµes cognitivas...
2025-07-16 21:04:41.541 | INFO     | src.autonomous.intelligence_expansion:detect_limitations:177 - ğŸ” Detectando limitaÃ§Ãµes cognitivas do sistema...
2025-07-16 21:04:41.633 | INFO     | src.autonomous.intelligence_expansion:detect_limitations:205 - ğŸ¯ Detectadas 5 limitaÃ§Ãµes cognitivas
2025-07-16 21:04:41.634 | INFO     | __main__:test_cognitive_limitation_detection:46 - âœ… Detectadas 5 limitaÃ§Ãµes cognitivas:
2025-07-16 21:04:41.634 | INFO     | __main__:test_cognitive_limitation_detection:48 -   - CognitiveLimitationType.REASONING_LINEAR: Performance baixa em reasoning_accuracy: 0.65 (esperado: >0.8) (Severidade: medium)
2025-07-16 21:04:41.634 | INFO     | __main__:test_cognitive_limitation_detection:48 -   - CognitiveLimitationType.LEARNING_STATIC: Performance baixa em learning_adaptation_rate: 0.30 (esperado: >0.7) (Severidade: high)
2025-07-16 21:04:41.634 | INFO     | __main__:test_cognitive_limitation_detection:48 -   - CognitiveLimitationType.PREDICTION_LINEAR: Performance baixa em prediction_r2: 0.40 (esperado: >0.7) (Severidade: high)
2025-07-16 21:04:41.634 | INFO     | __main__:test_cognitive_limitation_detection:48 -   - CognitiveLimitationType.PLANNING_SEQUENTIAL: Performance baixa em planning_success_rate: 0.55 (esperado: >0.8) (Severidade: high)
2025-07-16 21:04:41.635 | INFO     | __main__:test_cognitive_limitation_detection:48 -   - CognitiveLimitationType.PATTERN_RECOGNITION_LIMITED: Performance baixa em pattern_recognition_f1: 0.60 (esperado: >0.8) (Severidade: medium)
2025-07-16 21:04:41.635 | INFO     | __main__:test_cognitive_capability_generation:55 - ğŸ§  Testando geraÃ§Ã£o de capacidades cognitivas...
2025-07-16 21:04:41.635 | INFO     | src.autonomous.intelligence_expansion:create_capability:560 - ğŸ§  Criando capacidade para limitaÃ§Ã£o: reasoning_linear
2025-07-16 21:04:41.635 | INFO     | src.autonomous.intelligence_expansion:create_capability:568 - âœ… Capacidade criada: Advanced Reasoning Engine
2025-07-16 21:04:41.636 | INFO     | __main__:test_cognitive_capability_generation:75 - âœ… Capacidade gerada: CapabilityType.ADVANCED_REASONING
2025-07-16 21:04:41.636 | INFO     | __main__:test_cognitive_capability_generation:76 -   - Nome: Advanced Reasoning Engine
2025-07-16 21:04:41.636 | INFO     | __main__:test_cognitive_capability_generation:77 -   - DescriÃ§Ã£o: Sistema de raciocÃ­nio avanÃ§ado com tree-of-thought, chain-of-thought, raciocÃ­nio paralelo e meta-raciocÃ­nio
2025-07-16 21:04:41.636 | INFO     | __main__:test_cognitive_capability_generation:78 -   - Abordagem: Multi-strategy reasoning with meta-cognitive validation
2025-07-16 21:04:41.636 | INFO     | __main__:test_cognitive_capability_generation:79 -   - Impacto esperado: 0.8
2025-07-16 21:04:41.636 | INFO     | __main__:test_capability_implementation:86 - âš™ï¸ Testando implementaÃ§Ã£o automÃ¡tica de capacidades...
2025-07-16 21:04:41.637 | INFO     | src.autonomous.intelligence_expansion:implement_capability:1611 - ğŸ› ï¸ Implementando capacidade: Advanced Reasoning Engine
2025-07-16 21:04:41.637 | INFO     | src.autonomous.intelligence_expansion:_integrate_capability:2048 - ğŸ”— Integrando capacidade: Advanced Reasoning Engine
2025-07-16 21:04:41.637 | INFO     | src.autonomous.intelligence_expansion:_test_capability:2081 - ğŸ§ª Testando capacidade: Advanced Reasoning Engine
2025-07-16 21:04:41.638 | INFO     | src.autonomous.intelligence_expansion:_deploy_capability:2116 - ğŸš€ Deployando capacidade: Advanced Reasoning Engine
2025-07-16 21:04:41.638 | INFO     | src.autonomous.intelligence_expansion:_validate_capability_performance:2151 - âœ… Validando performance: Advanced Reasoning Engine
2025-07-16 21:04:41.638 | INFO     | __main__:test_capability_implementation:108 - âœ… ImplementaÃ§Ã£o bem-sucedida
2025-07-16 21:04:41.638 | INFO     | __main__:test_capability_implementation:109 -   - Arquivos criados: 3
2025-07-16 21:04:41.638 | INFO     | __main__:test_capability_implementation:111 -     â€¢ src/cognitive/advanced_reasoning_engine.py
2025-07-16 21:04:41.639 | INFO     | __main__:test_capability_implementation:111 -     â€¢ src/cognitive/advanced_reasoning_interface.py
2025-07-16 21:04:41.639 | INFO     | __main__:test_capability_implementation:111 -     â€¢ tests/test_advanced_reasoning.py
2025-07-16 21:04:41.639 | INFO     | __main__:test_need_detection:118 - ğŸ” Testando detecÃ§Ã£o de necessidades funcionais...
2025-07-16 21:04:41.639 | INFO     | src.autonomous.intelligence_expansion:detect_unmet_needs:2252 - ğŸ” Detectando necessidades funcionais nÃ£o atendidas...
2025-07-16 21:04:41.698 | INFO     | src.autonomous.intelligence_expansion:detect_unmet_needs:2280 - ğŸ¯ Detectadas 21 necessidades nÃ£o atendidas
2025-07-16 21:04:41.699 | INFO     | __main__:test_need_detection:123 - âœ… Detectadas 21 necessidades funcionais:
2025-07-16 21:04:41.699 | INFO     | __main__:test_need_detection:125 -   - FunctionalityNeedType.API_MISSING: UsuÃ¡rios tentaram acessar /api/v1/sentiment-analysis 15 vezes (UrgÃªncia: medium)
2025-07-16 21:04:41.699 | INFO     | __main__:test_need_detection:125 -   - FunctionalityNeedType.API_MISSING: UsuÃ¡rios tentaram acessar /api/v1/recommendation-engine 8 vezes (UrgÃªncia: medium)
2025-07-16 21:04:41.699 | INFO     | __main__:test_need_detection:125 -   - FunctionalityNeedType.API_MISSING: UsuÃ¡rios tentaram acessar /api/v1/anomaly-detection 12 vezes (UrgÃªncia: medium)
2025-07-16 21:04:41.699 | INFO     | __main__:test_need_detection:125 -   - FunctionalityNeedType.API_MISSING: UsuÃ¡rios tentaram acessar /api/v1/auto-trading 25 vezes (UrgÃªncia: high)
2025-07-16 21:04:41.699 | INFO     | __main__:test_need_detection:125 -   - FunctionalityNeedType.API_MISSING: UsuÃ¡rios tentaram acessar /api/v1/predictive-analytics 18 vezes (UrgÃªncia: high)
2025-07-16 21:04:41.699 | INFO     | __main__:test_feature_generation:132 - ğŸš€ Testando geraÃ§Ã£o automÃ¡tica de features...
2025-07-16 21:04:41.699 | INFO     | src.autonomous.intelligence_expansion:create_feature:2723 - ğŸ—ï¸ Criando feature: Performance Optimization API
2025-07-16 21:04:41.700 | INFO     | src.autonomous.intelligence_expansion:create_feature:2763 - âœ… Feature criada: Performance Optimization API
2025-07-16 21:04:41.700 | INFO     | __main__:test_feature_generation:155 - âœ… Feature gerada: Performance Optimization API
2025-07-16 21:04:41.700 | INFO     | __main__:test_feature_generation:156 -   - DescriÃ§Ã£o: API de otimizaÃ§Ã£o de performance em tempo real
2025-07-16 21:04:41.700 | INFO     | __main__:test_feature_generation:157 -   - APIs: 3 endpoints
2025-07-16 21:04:41.700 | INFO     | __main__:test_feature_generation:158 -   - Testes: 0 arquivos de teste
2025-07-16 21:04:41.700 | INFO     | __main__:test_auto_integration:165 - ğŸ”§ Testando integraÃ§Ã£o automÃ¡tica...
2025-07-16 21:04:41.701 | INFO     | src.autonomous.intelligence_expansion:integrate_feature:3725 - ğŸ”— Integrando feature: Real-time Performance Optimization API
2025-07-16 21:04:41.701 | INFO     | __main__:test_auto_integration:189 - âœ… IntegraÃ§Ã£o bem-sucedida
2025-07-16 21:04:41.701 | INFO     | __main__:test_auto_integration:190 -   - Etapas completadas: 0
2025-07-16 21:04:41.701 | INFO     | __main__:run_comprehensive_demo:278 - 
================================================================================
2025-07-16 21:04:41.701 | INFO     | __main__:run_comprehensive_demo:281 - ğŸ“‹ FASE 2: Testando ciclo completo de expansÃ£o
2025-07-16 21:04:41.701 | INFO     | __main__:run_comprehensive_demo:282 - --------------------------------------------------
2025-07-16 21:04:41.701 | INFO     | __main__:test_complete_expansion_cycle:200 - ğŸŒŸ Testando ciclo completo de expansÃ£o da inteligÃªncia...
2025-07-16 21:04:41.701 | ERROR    | __main__:run_comprehensive_demo:312 - âŒ Erro durante demonstraÃ§Ã£o: IntelligenceExpansionSystem.__init__() got an unexpected keyword argument 'config'
2025-07-16 21:04:41.702 | ERROR    | __main__:run_comprehensive_demo:313 - Traceback: Traceback (most recent call last):
  File "/home/arthur/projects/hephaestus/test_intelligence_expansion_demo.py", line 284, in run_comprehensive_demo
    expansion_result = await test_complete_expansion_cycle()
                       ^^^^^^^^^^^^^^^^^^^^^^^^^^^^^^^^^^^^^
  File "/home/arthur/projects/hephaestus/test_intelligence_expansion_demo.py", line 226, in test_complete_expansion_cycle
    system = IntelligenceExpansionSystem(config=config)
             ^^^^^^^^^^^^^^^^^^^^^^^^^^^^^^^^^^^^^^^^^^
TypeError: IntelligenceExpansionSystem.__init__() got an unexpected keyword argument 'config'

2025-07-16 21:05:18.890 | INFO     | __main__:run_comprehensive_demo:265 - ğŸ¯ Iniciando demonstraÃ§Ã£o completa do Sistema de Auto-ExpansÃ£o de InteligÃªncia
2025-07-16 21:05:18.890 | INFO     | __main__:run_comprehensive_demo:266 - ================================================================================
2025-07-16 21:05:18.890 | INFO     | __main__:run_comprehensive_demo:270 - ğŸ“‹ FASE 1: Testando componentes individuais
2025-07-16 21:05:18.890 | INFO     | __main__:run_comprehensive_demo:271 - --------------------------------------------------
2025-07-16 21:05:18.890 | INFO     | __main__:test_cognitive_limitation_detection:41 - ğŸ” Testando detecÃ§Ã£o de limitaÃ§Ãµes cognitivas...
2025-07-16 21:05:18.891 | INFO     | src.autonomous.intelligence_expansion:detect_limitations:177 - ğŸ” Detectando limitaÃ§Ãµes cognitivas do sistema...
2025-07-16 21:05:18.994 | INFO     | src.autonomous.intelligence_expansion:detect_limitations:205 - ğŸ¯ Detectadas 5 limitaÃ§Ãµes cognitivas
2025-07-16 21:05:18.994 | INFO     | __main__:test_cognitive_limitation_detection:46 - âœ… Detectadas 5 limitaÃ§Ãµes cognitivas:
2025-07-16 21:05:18.994 | INFO     | __main__:test_cognitive_limitation_detection:48 -   - CognitiveLimitationType.REASONING_LINEAR: Performance baixa em reasoning_accuracy: 0.65 (esperado: >0.8) (Severidade: medium)
2025-07-16 21:05:18.995 | INFO     | __main__:test_cognitive_limitation_detection:48 -   - CognitiveLimitationType.LEARNING_STATIC: Performance baixa em learning_adaptation_rate: 0.30 (esperado: >0.7) (Severidade: high)
2025-07-16 21:05:18.995 | INFO     | __main__:test_cognitive_limitation_detection:48 -   - CognitiveLimitationType.PREDICTION_LINEAR: Performance baixa em prediction_r2: 0.40 (esperado: >0.7) (Severidade: high)
2025-07-16 21:05:18.995 | INFO     | __main__:test_cognitive_limitation_detection:48 -   - CognitiveLimitationType.PLANNING_SEQUENTIAL: Performance baixa em planning_success_rate: 0.55 (esperado: >0.8) (Severidade: high)
2025-07-16 21:05:18.995 | INFO     | __main__:test_cognitive_limitation_detection:48 -   - CognitiveLimitationType.PATTERN_RECOGNITION_LIMITED: Performance baixa em pattern_recognition_f1: 0.60 (esperado: >0.8) (Severidade: medium)
2025-07-16 21:05:18.995 | INFO     | __main__:test_cognitive_capability_generation:55 - ğŸ§  Testando geraÃ§Ã£o de capacidades cognitivas...
2025-07-16 21:05:18.995 | INFO     | src.autonomous.intelligence_expansion:create_capability:560 - ğŸ§  Criando capacidade para limitaÃ§Ã£o: reasoning_linear
2025-07-16 21:05:18.995 | INFO     | src.autonomous.intelligence_expansion:create_capability:568 - âœ… Capacidade criada: Advanced Reasoning Engine
2025-07-16 21:05:18.995 | INFO     | __main__:test_cognitive_capability_generation:75 - âœ… Capacidade gerada: CapabilityType.ADVANCED_REASONING
2025-07-16 21:05:18.995 | INFO     | __main__:test_cognitive_capability_generation:76 -   - Nome: Advanced Reasoning Engine
2025-07-16 21:05:18.995 | INFO     | __main__:test_cognitive_capability_generation:77 -   - DescriÃ§Ã£o: Sistema de raciocÃ­nio avanÃ§ado com tree-of-thought, chain-of-thought, raciocÃ­nio paralelo e meta-raciocÃ­nio
2025-07-16 21:05:18.996 | INFO     | __main__:test_cognitive_capability_generation:78 -   - Abordagem: Multi-strategy reasoning with meta-cognitive validation
2025-07-16 21:05:18.996 | INFO     | __main__:test_cognitive_capability_generation:79 -   - Impacto esperado: 0.8
2025-07-16 21:05:18.996 | INFO     | __main__:test_capability_implementation:86 - âš™ï¸ Testando implementaÃ§Ã£o automÃ¡tica de capacidades...
2025-07-16 21:05:18.996 | INFO     | src.autonomous.intelligence_expansion:implement_capability:1611 - ğŸ› ï¸ Implementando capacidade: Advanced Reasoning Engine
2025-07-16 21:05:18.996 | INFO     | src.autonomous.intelligence_expansion:_integrate_capability:2048 - ğŸ”— Integrando capacidade: Advanced Reasoning Engine
2025-07-16 21:05:18.996 | INFO     | src.autonomous.intelligence_expansion:_test_capability:2081 - ğŸ§ª Testando capacidade: Advanced Reasoning Engine
2025-07-16 21:05:18.996 | INFO     | src.autonomous.intelligence_expansion:_deploy_capability:2116 - ğŸš€ Deployando capacidade: Advanced Reasoning Engine
2025-07-16 21:05:18.997 | INFO     | src.autonomous.intelligence_expansion:_validate_capability_performance:2151 - âœ… Validando performance: Advanced Reasoning Engine
2025-07-16 21:05:18.997 | INFO     | __main__:test_capability_implementation:108 - âœ… ImplementaÃ§Ã£o bem-sucedida
2025-07-16 21:05:18.997 | INFO     | __main__:test_capability_implementation:109 -   - Arquivos criados: 3
2025-07-16 21:05:18.997 | INFO     | __main__:test_capability_implementation:111 -     â€¢ src/cognitive/advanced_reasoning_engine.py
2025-07-16 21:05:18.997 | INFO     | __main__:test_capability_implementation:111 -     â€¢ src/cognitive/advanced_reasoning_interface.py
2025-07-16 21:05:18.997 | INFO     | __main__:test_capability_implementation:111 -     â€¢ tests/test_advanced_reasoning.py
2025-07-16 21:05:18.997 | INFO     | __main__:test_need_detection:118 - ğŸ” Testando detecÃ§Ã£o de necessidades funcionais...
2025-07-16 21:05:18.997 | INFO     | src.autonomous.intelligence_expansion:detect_unmet_needs:2252 - ğŸ” Detectando necessidades funcionais nÃ£o atendidas...
2025-07-16 21:05:19.053 | INFO     | src.autonomous.intelligence_expansion:detect_unmet_needs:2280 - ğŸ¯ Detectadas 21 necessidades nÃ£o atendidas
2025-07-16 21:05:19.053 | INFO     | __main__:test_need_detection:123 - âœ… Detectadas 21 necessidades funcionais:
2025-07-16 21:05:19.053 | INFO     | __main__:test_need_detection:125 -   - FunctionalityNeedType.API_MISSING: UsuÃ¡rios tentaram acessar /api/v1/sentiment-analysis 15 vezes (UrgÃªncia: medium)
2025-07-16 21:05:19.054 | INFO     | __main__:test_need_detection:125 -   - FunctionalityNeedType.API_MISSING: UsuÃ¡rios tentaram acessar /api/v1/recommendation-engine 8 vezes (UrgÃªncia: medium)
2025-07-16 21:05:19.054 | INFO     | __main__:test_need_detection:125 -   - FunctionalityNeedType.API_MISSING: UsuÃ¡rios tentaram acessar /api/v1/anomaly-detection 12 vezes (UrgÃªncia: medium)
2025-07-16 21:05:19.054 | INFO     | __main__:test_need_detection:125 -   - FunctionalityNeedType.API_MISSING: UsuÃ¡rios tentaram acessar /api/v1/auto-trading 25 vezes (UrgÃªncia: high)
2025-07-16 21:05:19.054 | INFO     | __main__:test_need_detection:125 -   - FunctionalityNeedType.API_MISSING: UsuÃ¡rios tentaram acessar /api/v1/predictive-analytics 18 vezes (UrgÃªncia: high)
2025-07-16 21:05:19.054 | INFO     | __main__:test_feature_generation:132 - ğŸš€ Testando geraÃ§Ã£o automÃ¡tica de features...
2025-07-16 21:05:19.054 | INFO     | src.autonomous.intelligence_expansion:create_feature:2723 - ğŸ—ï¸ Criando feature: Performance Optimization API
2025-07-16 21:05:19.055 | INFO     | src.autonomous.intelligence_expansion:create_feature:2763 - âœ… Feature criada: Performance Optimization API
2025-07-16 21:05:19.055 | INFO     | __main__:test_feature_generation:155 - âœ… Feature gerada: Performance Optimization API
2025-07-16 21:05:19.056 | INFO     | __main__:test_feature_generation:156 -   - DescriÃ§Ã£o: API de otimizaÃ§Ã£o de performance em tempo real
2025-07-16 21:05:19.056 | INFO     | __main__:test_feature_generation:157 -   - APIs: 3 endpoints
2025-07-16 21:05:19.056 | INFO     | __main__:test_feature_generation:158 -   - Testes: 0 arquivos de teste
2025-07-16 21:05:19.056 | INFO     | __main__:test_auto_integration:165 - ğŸ”§ Testando integraÃ§Ã£o automÃ¡tica...
2025-07-16 21:05:19.056 | INFO     | src.autonomous.intelligence_expansion:integrate_feature:3725 - ğŸ”— Integrando feature: Real-time Performance Optimization API
2025-07-16 21:05:19.057 | INFO     | __main__:test_auto_integration:189 - âœ… IntegraÃ§Ã£o bem-sucedida
2025-07-16 21:05:19.057 | INFO     | __main__:test_auto_integration:190 -   - Etapas completadas: 0
2025-07-16 21:05:19.057 | INFO     | __main__:run_comprehensive_demo:280 - 
================================================================================
2025-07-16 21:05:19.057 | INFO     | __main__:run_comprehensive_demo:283 - ğŸ“‹ FASE 2: Testando ciclo completo de expansÃ£o
2025-07-16 21:05:19.057 | INFO     | __main__:run_comprehensive_demo:284 - --------------------------------------------------
2025-07-16 21:05:19.058 | INFO     | __main__:test_complete_expansion_cycle:200 - ğŸŒŸ Testando ciclo completo de expansÃ£o da inteligÃªncia...
2025-07-16 21:05:19.058 | INFO     | __main__:test_complete_expansion_cycle:231 - ğŸ”„ Executando ciclo Ãºnico de expansÃ£o...
2025-07-16 21:05:19.058 | ERROR    | __main__:run_comprehensive_demo:314 - âŒ Erro durante demonstraÃ§Ã£o: 'IntelligenceExpansionSystem' object has no attribute 'execute_single_expansion_cycle'
2025-07-16 21:05:19.059 | ERROR    | __main__:run_comprehensive_demo:315 - Traceback: Traceback (most recent call last):
  File "/home/arthur/projects/hephaestus/test_intelligence_expansion_demo.py", line 286, in run_comprehensive_demo
    expansion_result = await test_complete_expansion_cycle()
                       ^^^^^^^^^^^^^^^^^^^^^^^^^^^^^^^^^^^^^
  File "/home/arthur/projects/hephaestus/test_intelligence_expansion_demo.py", line 232, in test_complete_expansion_cycle
    result = await system.execute_single_expansion_cycle()
                   ^^^^^^^^^^^^^^^^^^^^^^^^^^^^^^^^^^^^^
AttributeError: 'IntelligenceExpansionSystem' object has no attribute 'execute_single_expansion_cycle'

2025-07-16 21:05:43.076 | INFO     | __main__:run_comprehensive_demo:265 - ğŸ¯ Iniciando demonstraÃ§Ã£o completa do Sistema de Auto-ExpansÃ£o de InteligÃªncia
2025-07-16 21:05:43.076 | INFO     | __main__:run_comprehensive_demo:266 - ================================================================================
2025-07-16 21:05:43.076 | INFO     | __main__:run_comprehensive_demo:270 - ğŸ“‹ FASE 1: Testando componentes individuais
2025-07-16 21:05:43.076 | INFO     | __main__:run_comprehensive_demo:271 - --------------------------------------------------
2025-07-16 21:05:43.076 | INFO     | __main__:test_cognitive_limitation_detection:41 - ğŸ” Testando detecÃ§Ã£o de limitaÃ§Ãµes cognitivas...
2025-07-16 21:05:43.076 | INFO     | src.autonomous.intelligence_expansion:detect_limitations:177 - ğŸ” Detectando limitaÃ§Ãµes cognitivas do sistema...
2025-07-16 21:05:43.166 | INFO     | src.autonomous.intelligence_expansion:detect_limitations:205 - ğŸ¯ Detectadas 5 limitaÃ§Ãµes cognitivas
2025-07-16 21:05:43.166 | INFO     | __main__:test_cognitive_limitation_detection:46 - âœ… Detectadas 5 limitaÃ§Ãµes cognitivas:
2025-07-16 21:05:43.166 | INFO     | __main__:test_cognitive_limitation_detection:48 -   - CognitiveLimitationType.REASONING_LINEAR: Performance baixa em reasoning_accuracy: 0.65 (esperado: >0.8) (Severidade: medium)
2025-07-16 21:05:43.167 | INFO     | __main__:test_cognitive_limitation_detection:48 -   - CognitiveLimitationType.LEARNING_STATIC: Performance baixa em learning_adaptation_rate: 0.30 (esperado: >0.7) (Severidade: high)
2025-07-16 21:05:43.167 | INFO     | __main__:test_cognitive_limitation_detection:48 -   - CognitiveLimitationType.PREDICTION_LINEAR: Performance baixa em prediction_r2: 0.40 (esperado: >0.7) (Severidade: high)
2025-07-16 21:05:43.167 | INFO     | __main__:test_cognitive_limitation_detection:48 -   - CognitiveLimitationType.PLANNING_SEQUENTIAL: Performance baixa em planning_success_rate: 0.55 (esperado: >0.8) (Severidade: high)
2025-07-16 21:05:43.167 | INFO     | __main__:test_cognitive_limitation_detection:48 -   - CognitiveLimitationType.PATTERN_RECOGNITION_LIMITED: Performance baixa em pattern_recognition_f1: 0.60 (esperado: >0.8) (Severidade: medium)
2025-07-16 21:05:43.167 | INFO     | __main__:test_cognitive_capability_generation:55 - ğŸ§  Testando geraÃ§Ã£o de capacidades cognitivas...
2025-07-16 21:05:43.167 | INFO     | src.autonomous.intelligence_expansion:create_capability:560 - ğŸ§  Criando capacidade para limitaÃ§Ã£o: reasoning_linear
2025-07-16 21:05:43.167 | INFO     | src.autonomous.intelligence_expansion:create_capability:568 - âœ… Capacidade criada: Advanced Reasoning Engine
2025-07-16 21:05:43.167 | INFO     | __main__:test_cognitive_capability_generation:75 - âœ… Capacidade gerada: CapabilityType.ADVANCED_REASONING
2025-07-16 21:05:43.167 | INFO     | __main__:test_cognitive_capability_generation:76 -   - Nome: Advanced Reasoning Engine
2025-07-16 21:05:43.167 | INFO     | __main__:test_cognitive_capability_generation:77 -   - DescriÃ§Ã£o: Sistema de raciocÃ­nio avanÃ§ado com tree-of-thought, chain-of-thought, raciocÃ­nio paralelo e meta-raciocÃ­nio
2025-07-16 21:05:43.168 | INFO     | __main__:test_cognitive_capability_generation:78 -   - Abordagem: Multi-strategy reasoning with meta-cognitive validation
2025-07-16 21:05:43.168 | INFO     | __main__:test_cognitive_capability_generation:79 -   - Impacto esperado: 0.8
2025-07-16 21:05:43.168 | INFO     | __main__:test_capability_implementation:86 - âš™ï¸ Testando implementaÃ§Ã£o automÃ¡tica de capacidades...
2025-07-16 21:05:43.168 | INFO     | src.autonomous.intelligence_expansion:implement_capability:1611 - ğŸ› ï¸ Implementando capacidade: Advanced Reasoning Engine
2025-07-16 21:05:43.168 | INFO     | src.autonomous.intelligence_expansion:_integrate_capability:2048 - ğŸ”— Integrando capacidade: Advanced Reasoning Engine
2025-07-16 21:05:43.168 | INFO     | src.autonomous.intelligence_expansion:_test_capability:2081 - ğŸ§ª Testando capacidade: Advanced Reasoning Engine
2025-07-16 21:05:43.168 | INFO     | src.autonomous.intelligence_expansion:_deploy_capability:2116 - ğŸš€ Deployando capacidade: Advanced Reasoning Engine
2025-07-16 21:05:43.169 | INFO     | src.autonomous.intelligence_expansion:_validate_capability_performance:2151 - âœ… Validando performance: Advanced Reasoning Engine
2025-07-16 21:05:43.169 | INFO     | __main__:test_capability_implementation:108 - âœ… ImplementaÃ§Ã£o bem-sucedida
2025-07-16 21:05:43.169 | INFO     | __main__:test_capability_implementation:109 -   - Arquivos criados: 3
2025-07-16 21:05:43.169 | INFO     | __main__:test_capability_implementation:111 -     â€¢ src/cognitive/advanced_reasoning_engine.py
2025-07-16 21:05:43.169 | INFO     | __main__:test_capability_implementation:111 -     â€¢ src/cognitive/advanced_reasoning_interface.py
2025-07-16 21:05:43.169 | INFO     | __main__:test_capability_implementation:111 -     â€¢ tests/test_advanced_reasoning.py
2025-07-16 21:05:43.169 | INFO     | __main__:test_need_detection:118 - ğŸ” Testando detecÃ§Ã£o de necessidades funcionais...
2025-07-16 21:05:43.169 | INFO     | src.autonomous.intelligence_expansion:detect_unmet_needs:2252 - ğŸ” Detectando necessidades funcionais nÃ£o atendidas...
2025-07-16 21:05:43.220 | INFO     | src.autonomous.intelligence_expansion:detect_unmet_needs:2280 - ğŸ¯ Detectadas 21 necessidades nÃ£o atendidas
2025-07-16 21:05:43.220 | INFO     | __main__:test_need_detection:123 - âœ… Detectadas 21 necessidades funcionais:
2025-07-16 21:05:43.220 | INFO     | __main__:test_need_detection:125 -   - FunctionalityNeedType.API_MISSING: UsuÃ¡rios tentaram acessar /api/v1/sentiment-analysis 15 vezes (UrgÃªncia: medium)
2025-07-16 21:05:43.220 | INFO     | __main__:test_need_detection:125 -   - FunctionalityNeedType.API_MISSING: UsuÃ¡rios tentaram acessar /api/v1/recommendation-engine 8 vezes (UrgÃªncia: medium)
2025-07-16 21:05:43.220 | INFO     | __main__:test_need_detection:125 -   - FunctionalityNeedType.API_MISSING: UsuÃ¡rios tentaram acessar /api/v1/anomaly-detection 12 vezes (UrgÃªncia: medium)
2025-07-16 21:05:43.221 | INFO     | __main__:test_need_detection:125 -   - FunctionalityNeedType.API_MISSING: UsuÃ¡rios tentaram acessar /api/v1/auto-trading 25 vezes (UrgÃªncia: high)
2025-07-16 21:05:43.221 | INFO     | __main__:test_need_detection:125 -   - FunctionalityNeedType.API_MISSING: UsuÃ¡rios tentaram acessar /api/v1/predictive-analytics 18 vezes (UrgÃªncia: high)
2025-07-16 21:05:43.221 | INFO     | __main__:test_feature_generation:132 - ğŸš€ Testando geraÃ§Ã£o automÃ¡tica de features...
2025-07-16 21:05:43.221 | INFO     | src.autonomous.intelligence_expansion:create_feature:2723 - ğŸ—ï¸ Criando feature: Performance Optimization API
2025-07-16 21:05:43.221 | INFO     | src.autonomous.intelligence_expansion:create_feature:2763 - âœ… Feature criada: Performance Optimization API
2025-07-16 21:05:43.222 | INFO     | __main__:test_feature_generation:155 - âœ… Feature gerada: Performance Optimization API
2025-07-16 21:05:43.222 | INFO     | __main__:test_feature_generation:156 -   - DescriÃ§Ã£o: API de otimizaÃ§Ã£o de performance em tempo real
2025-07-16 21:05:43.222 | INFO     | __main__:test_feature_generation:157 -   - APIs: 3 endpoints
2025-07-16 21:05:43.222 | INFO     | __main__:test_feature_generation:158 -   - Testes: 0 arquivos de teste
2025-07-16 21:05:43.222 | INFO     | __main__:test_auto_integration:165 - ğŸ”§ Testando integraÃ§Ã£o automÃ¡tica...
2025-07-16 21:05:43.222 | INFO     | src.autonomous.intelligence_expansion:integrate_feature:3725 - ğŸ”— Integrando feature: Real-time Performance Optimization API
2025-07-16 21:05:43.222 | INFO     | __main__:test_auto_integration:189 - âœ… IntegraÃ§Ã£o bem-sucedida
2025-07-16 21:05:43.222 | INFO     | __main__:test_auto_integration:190 -   - Etapas completadas: 0
2025-07-16 21:05:43.222 | INFO     | __main__:run_comprehensive_demo:280 - 
================================================================================
2025-07-16 21:05:43.223 | INFO     | __main__:run_comprehensive_demo:283 - ğŸ“‹ FASE 2: Testando ciclo completo de expansÃ£o
2025-07-16 21:05:43.223 | INFO     | __main__:run_comprehensive_demo:284 - --------------------------------------------------
2025-07-16 21:05:43.223 | INFO     | __main__:test_complete_expansion_cycle:200 - ğŸŒŸ Testando ciclo completo de expansÃ£o da inteligÃªncia...
2025-07-16 21:05:43.223 | INFO     | __main__:test_complete_expansion_cycle:231 - ğŸ”„ Executando ciclo Ãºnico de expansÃ£o...
2025-07-16 21:05:43.223 | INFO     | src.autonomous.intelligence_expansion:expand_cognitive_capabilities:4186 - ğŸ§  FASE 1: ExpansÃ£o de Capacidades Cognitivas
2025-07-16 21:05:43.223 | INFO     | src.autonomous.intelligence_expansion:detect_limitations:177 - ğŸ” Detectando limitaÃ§Ãµes cognitivas do sistema...
2025-07-16 21:05:43.330 | INFO     | src.autonomous.intelligence_expansion:detect_limitations:205 - ğŸ¯ Detectadas 5 limitaÃ§Ãµes cognitivas
2025-07-16 21:05:43.330 | INFO     | src.autonomous.intelligence_expansion:expand_cognitive_capabilities:4195 - ğŸ¯ Detectadas 5 limitaÃ§Ãµes cognitivas
2025-07-16 21:05:43.331 | INFO     | src.autonomous.intelligence_expansion:create_capability:560 - ğŸ§  Criando capacidade para limitaÃ§Ã£o: reasoning_linear
2025-07-16 21:05:43.331 | INFO     | src.autonomous.intelligence_expansion:create_capability:568 - âœ… Capacidade criada: Advanced Reasoning Engine
2025-07-16 21:05:43.331 | INFO     | src.autonomous.intelligence_expansion:implement_capability:1611 - ğŸ› ï¸ Implementando capacidade: Advanced Reasoning Engine
2025-07-16 21:05:43.331 | INFO     | src.autonomous.intelligence_expansion:_integrate_capability:2048 - ğŸ”— Integrando capacidade: Advanced Reasoning Engine
2025-07-16 21:05:43.331 | INFO     | src.autonomous.intelligence_expansion:_test_capability:2081 - ğŸ§ª Testando capacidade: Advanced Reasoning Engine
2025-07-16 21:05:43.332 | INFO     | src.autonomous.intelligence_expansion:_deploy_capability:2116 - ğŸš€ Deployando capacidade: Advanced Reasoning Engine
2025-07-16 21:05:43.332 | INFO     | src.autonomous.intelligence_expansion:_validate_capability_performance:2151 - âœ… Validando performance: Advanced Reasoning Engine
2025-07-16 21:05:43.332 | ERROR    | src.autonomous.intelligence_expansion:expand_cognitive_capabilities:4220 - Erro ao processar limitaÃ§Ã£o CognitiveLimitationType.REASONING_LINEAR: 'types.SimpleNamespace' object is not subscriptable
2025-07-16 21:05:43.332 | INFO     | src.autonomous.intelligence_expansion:create_capability:560 - ğŸ§  Criando capacidade para limitaÃ§Ã£o: learning_static
2025-07-16 21:05:43.332 | INFO     | src.autonomous.intelligence_expansion:create_capability:568 - âœ… Capacidade criada: Meta-Learning Engine
2025-07-16 21:05:43.332 | INFO     | src.autonomous.intelligence_expansion:implement_capability:1611 - ğŸ› ï¸ Implementando capacidade: Meta-Learning Engine
2025-07-16 21:05:43.332 | INFO     | src.autonomous.intelligence_expansion:_integrate_capability:2048 - ğŸ”— Integrando capacidade: Meta-Learning Engine
2025-07-16 21:05:43.333 | INFO     | src.autonomous.intelligence_expansion:_test_capability:2081 - ğŸ§ª Testando capacidade: Meta-Learning Engine
2025-07-16 21:05:43.333 | INFO     | src.autonomous.intelligence_expansion:_deploy_capability:2116 - ğŸš€ Deployando capacidade: Meta-Learning Engine
2025-07-16 21:05:43.333 | INFO     | src.autonomous.intelligence_expansion:_validate_capability_performance:2151 - âœ… Validando performance: Meta-Learning Engine
2025-07-16 21:05:43.333 | ERROR    | src.autonomous.intelligence_expansion:expand_cognitive_capabilities:4220 - Erro ao processar limitaÃ§Ã£o CognitiveLimitationType.LEARNING_STATIC: 'types.SimpleNamespace' object is not subscriptable
2025-07-16 21:05:43.333 | INFO     | src.autonomous.intelligence_expansion:create_capability:560 - ğŸ§  Criando capacidade para limitaÃ§Ã£o: prediction_linear
2025-07-16 21:05:43.333 | INFO     | src.autonomous.intelligence_expansion:create_capability:568 - âœ… Capacidade criada: Non-Linear Prediction Engine
2025-07-16 21:05:43.333 | INFO     | src.autonomous.intelligence_expansion:implement_capability:1611 - ğŸ› ï¸ Implementando capacidade: Non-Linear Prediction Engine
2025-07-16 21:05:43.334 | INFO     | src.autonomous.intelligence_expansion:_integrate_capability:2048 - ğŸ”— Integrando capacidade: Non-Linear Prediction Engine
2025-07-16 21:05:43.334 | INFO     | src.autonomous.intelligence_expansion:_test_capability:2081 - ğŸ§ª Testando capacidade: Non-Linear Prediction Engine
2025-07-16 21:05:43.334 | INFO     | src.autonomous.intelligence_expansion:_deploy_capability:2116 - ğŸš€ Deployando capacidade: Non-Linear Prediction Engine
2025-07-16 21:05:43.334 | INFO     | src.autonomous.intelligence_expansion:_validate_capability_performance:2151 - âœ… Validando performance: Non-Linear Prediction Engine
2025-07-16 21:05:43.334 | ERROR    | src.autonomous.intelligence_expansion:expand_cognitive_capabilities:4220 - Erro ao processar limitaÃ§Ã£o CognitiveLimitationType.PREDICTION_LINEAR: 'types.SimpleNamespace' object is not subscriptable
2025-07-16 21:05:43.334 | INFO     | src.autonomous.intelligence_expansion:create_capability:560 - ğŸ§  Criando capacidade para limitaÃ§Ã£o: planning_sequential
2025-07-16 21:05:43.334 | INFO     | src.autonomous.intelligence_expansion:create_capability:568 - âœ… Capacidade criada: Hierarchical Planning Engine
2025-07-16 21:05:43.334 | INFO     | src.autonomous.intelligence_expansion:implement_capability:1611 - ğŸ› ï¸ Implementando capacidade: Hierarchical Planning Engine
2025-07-16 21:05:43.335 | INFO     | src.autonomous.intelligence_expansion:_integrate_capability:2048 - ğŸ”— Integrando capacidade: Hierarchical Planning Engine
2025-07-16 21:05:43.335 | INFO     | src.autonomous.intelligence_expansion:_test_capability:2081 - ğŸ§ª Testando capacidade: Hierarchical Planning Engine
2025-07-16 21:05:43.335 | INFO     | src.autonomous.intelligence_expansion:_deploy_capability:2116 - ğŸš€ Deployando capacidade: Hierarchical Planning Engine
2025-07-16 21:05:43.335 | INFO     | src.autonomous.intelligence_expansion:_validate_capability_performance:2151 - âœ… Validando performance: Hierarchical Planning Engine
2025-07-16 21:05:43.335 | ERROR    | src.autonomous.intelligence_expansion:expand_cognitive_capabilities:4220 - Erro ao processar limitaÃ§Ã£o CognitiveLimitationType.PLANNING_SEQUENTIAL: 'types.SimpleNamespace' object is not subscriptable
2025-07-16 21:05:43.335 | INFO     | src.autonomous.intelligence_expansion:create_capability:560 - ğŸ§  Criando capacidade para limitaÃ§Ã£o: pattern_recognition_limited
2025-07-16 21:05:43.335 | INFO     | src.autonomous.intelligence_expansion:create_capability:568 - âœ… Capacidade criada: Pattern Synthesis Engine
2025-07-16 21:05:43.335 | INFO     | src.autonomous.intelligence_expansion:implement_capability:1611 - ğŸ› ï¸ Implementando capacidade: Pattern Synthesis Engine
2025-07-16 21:05:43.336 | INFO     | src.autonomous.intelligence_expansion:_integrate_capability:2048 - ğŸ”— Integrando capacidade: Pattern Synthesis Engine
2025-07-16 21:05:43.336 | INFO     | src.autonomous.intelligence_expansion:_test_capability:2081 - ğŸ§ª Testando capacidade: Pattern Synthesis Engine
2025-07-16 21:05:43.336 | INFO     | src.autonomous.intelligence_expansion:_deploy_capability:2116 - ğŸš€ Deployando capacidade: Pattern Synthesis Engine
2025-07-16 21:05:43.336 | INFO     | src.autonomous.intelligence_expansion:_validate_capability_performance:2151 - âœ… Validando performance: Pattern Synthesis Engine
2025-07-16 21:05:43.336 | ERROR    | src.autonomous.intelligence_expansion:expand_cognitive_capabilities:4220 - Erro ao processar limitaÃ§Ã£o CognitiveLimitationType.PATTERN_RECOGNITION_LIMITED: 'types.SimpleNamespace' object is not subscriptable
2025-07-16 21:05:43.336 | INFO     | src.autonomous.intelligence_expansion:evolve_functionalities:4233 - ğŸŒ FASE 2: EvoluÃ§Ã£o de Funcionalidades
2025-07-16 21:05:43.336 | INFO     | src.autonomous.intelligence_expansion:detect_unmet_needs:2252 - ğŸ” Detectando necessidades funcionais nÃ£o atendidas...
2025-07-16 21:05:43.390 | INFO     | src.autonomous.intelligence_expansion:detect_unmet_needs:2280 - ğŸ¯ Detectadas 21 necessidades nÃ£o atendidas
2025-07-16 21:05:43.390 | INFO     | src.autonomous.intelligence_expansion:evolve_functionalities:4242 - ğŸ¯ Detectadas 21 necessidades funcionais
2025-07-16 21:05:43.390 | INFO     | src.autonomous.intelligence_expansion:create_feature:2723 - ğŸ—ï¸ Criando feature: API faltante: /api/v1/auto-trading
2025-07-16 21:05:43.391 | INFO     | src.autonomous.intelligence_expansion:create_feature:2763 - âœ… Feature criada: API faltante: /api/v1/auto-trading
2025-07-16 21:05:43.391 | INFO     | src.autonomous.intelligence_expansion:evolve_functionalities:4261 - âœ… Funcionalidade criada: API faltante: /api/v1/auto-trading
2025-07-16 21:05:43.391 | INFO     | src.autonomous.intelligence_expansion:create_feature:2723 - ğŸ—ï¸ Criando feature: API faltante: /api/v1/predictive-analytics
2025-07-16 21:05:43.392 | INFO     | src.autonomous.intelligence_expansion:create_feature:2763 - âœ… Feature criada: API faltante: /api/v1/predictive-analytics
2025-07-16 21:05:43.392 | INFO     | src.autonomous.intelligence_expansion:evolve_functionalities:4261 - âœ… Funcionalidade criada: API faltante: /api/v1/predictive-analytics
2025-07-16 21:05:43.392 | INFO     | src.autonomous.intelligence_expansion:create_feature:2723 - ğŸ—ï¸ Criando feature: ResoluÃ§Ã£o de erro recorrente: data_format_conversion_failed
2025-07-16 21:05:43.393 | INFO     | src.autonomous.intelligence_expansion:create_feature:2763 - âœ… Feature criada: ResoluÃ§Ã£o de erro recorrente: data_format_conversion_failed
2025-07-16 21:05:43.393 | INFO     | src.autonomous.intelligence_expansion:evolve_functionalities:4261 - âœ… Funcionalidade criada: ResoluÃ§Ã£o de erro recorrente: data_format_conversion_failed
2025-07-16 21:05:43.393 | INFO     | src.autonomous.intelligence_expansion:integrate_all_improvements:4289 - ğŸ”— FASE 3: IntegraÃ§Ã£o Total
2025-07-16 21:05:43.393 | INFO     | src.autonomous.intelligence_expansion:integrate_feature:3725 - ğŸ”— Integrando feature: API faltante: /api/v1/auto-trading
2025-07-16 21:05:43.394 | INFO     | src.autonomous.intelligence_expansion:integrate_all_improvements:4314 - ğŸ”— Funcionalidade integrada: API faltante: /api/v1/auto-trading
2025-07-16 21:05:43.394 | INFO     | src.autonomous.intelligence_expansion:integrate_feature:3725 - ğŸ”— Integrando feature: API faltante: /api/v1/predictive-analytics
2025-07-16 21:05:43.394 | INFO     | src.autonomous.intelligence_expansion:integrate_all_improvements:4314 - ğŸ”— Funcionalidade integrada: API faltante: /api/v1/predictive-analytics
2025-07-16 21:05:43.394 | INFO     | src.autonomous.intelligence_expansion:integrate_feature:3725 - ğŸ”— Integrando feature: ResoluÃ§Ã£o de erro recorrente: data_format_conversion_failed
2025-07-16 21:05:43.394 | INFO     | src.autonomous.intelligence_expansion:integrate_all_improvements:4314 - ğŸ”— Funcionalidade integrada: ResoluÃ§Ã£o de erro recorrente: data_format_conversion_failed
2025-07-16 21:05:43.395 | INFO     | src.autonomous.intelligence_expansion:validate_and_optimize:4332 - âœ… FASE 4: ValidaÃ§Ã£o e OtimizaÃ§Ã£o
2025-07-16 21:05:43.395 | INFO     | __main__:test_complete_expansion_cycle:234 - ğŸ“Š Resultados do ciclo de expansÃ£o:
2025-07-16 21:05:43.395 | INFO     | __main__:test_complete_expansion_cycle:235 -   âœ… ExpansÃ£o cognitiva: False
2025-07-16 21:05:43.395 | INFO     | __main__:test_complete_expansion_cycle:236 -   âœ… EvoluÃ§Ã£o funcional: False
2025-07-16 21:05:43.396 | INFO     | __main__:test_complete_expansion_cycle:237 -   âœ… IntegraÃ§Ã£o: False
2025-07-16 21:05:43.396 | INFO     | __main__:test_complete_expansion_cycle:238 -   âœ… ValidaÃ§Ã£o: False
2025-07-16 21:05:43.396 | INFO     | __main__:test_complete_expansion_cycle:244 - ğŸ§  Capacidades cognitivas implementadas: 0
2025-07-16 21:05:43.396 | INFO     | __main__:test_complete_expansion_cycle:248 - ğŸš€ Features funcionais implementadas: 0
2025-07-16 21:05:43.396 | INFO     | __main__:run_comprehensive_demo:288 - 
================================================================================
2025-07-16 21:05:43.397 | INFO     | __main__:run_comprehensive_demo:291 - ğŸ“‹ SUMÃRIO FINAL
2025-07-16 21:05:43.397 | INFO     | __main__:run_comprehensive_demo:292 - --------------------------------------------------
2025-07-16 21:05:43.397 | INFO     | __main__:run_comprehensive_demo:293 - âœ… Todos os testes executados com sucesso!
2025-07-16 21:05:43.397 | INFO     | __main__:run_comprehensive_demo:294 - âœ… Sistema detectou 5 limitaÃ§Ãµes cognitivas
2025-07-16 21:05:43.397 | INFO     | __main__:run_comprehensive_demo:295 - âœ… Sistema detectou 21 necessidades funcionais
2025-07-16 21:05:43.398 | INFO     | __main__:run_comprehensive_demo:296 - âœ… Capacidade cognitiva gerada: CapabilityType.ADVANCED_REASONING
2025-07-16 21:05:43.398 | ERROR    | __main__:run_comprehensive_demo:314 - âŒ Erro durante demonstraÃ§Ã£o: 'GeneratedFeature' object has no attribute 'feature_name'
2025-07-16 21:05:43.398 | ERROR    | __main__:run_comprehensive_demo:315 - Traceback: Traceback (most recent call last):
  File "/home/arthur/projects/hephaestus/test_intelligence_expansion_demo.py", line 297, in run_comprehensive_demo
    logger.info(f"âœ… Feature funcional gerada: {feature.feature_name}")
                                                ^^^^^^^^^^^^^^^^^^^^
AttributeError: 'GeneratedFeature' object has no attribute 'feature_name'

2025-07-16 21:05:58.702 | INFO     | __main__:run_comprehensive_demo:265 - ğŸ¯ Iniciando demonstraÃ§Ã£o completa do Sistema de Auto-ExpansÃ£o de InteligÃªncia
2025-07-16 21:05:58.702 | INFO     | __main__:run_comprehensive_demo:266 - ================================================================================
2025-07-16 21:05:58.702 | INFO     | __main__:run_comprehensive_demo:270 - ğŸ“‹ FASE 1: Testando componentes individuais
2025-07-16 21:05:58.702 | INFO     | __main__:run_comprehensive_demo:271 - --------------------------------------------------
2025-07-16 21:05:58.703 | INFO     | __main__:test_cognitive_limitation_detection:41 - ğŸ” Testando detecÃ§Ã£o de limitaÃ§Ãµes cognitivas...
2025-07-16 21:05:58.703 | INFO     | src.autonomous.intelligence_expansion:detect_limitations:177 - ğŸ” Detectando limitaÃ§Ãµes cognitivas do sistema...
2025-07-16 21:05:58.803 | INFO     | src.autonomous.intelligence_expansion:detect_limitations:205 - ğŸ¯ Detectadas 5 limitaÃ§Ãµes cognitivas
2025-07-16 21:05:58.803 | INFO     | __main__:test_cognitive_limitation_detection:46 - âœ… Detectadas 5 limitaÃ§Ãµes cognitivas:
2025-07-16 21:05:58.803 | INFO     | __main__:test_cognitive_limitation_detection:48 -   - CognitiveLimitationType.REASONING_LINEAR: Performance baixa em reasoning_accuracy: 0.65 (esperado: >0.8) (Severidade: medium)
2025-07-16 21:05:58.803 | INFO     | __main__:test_cognitive_limitation_detection:48 -   - CognitiveLimitationType.LEARNING_STATIC: Performance baixa em learning_adaptation_rate: 0.30 (esperado: >0.7) (Severidade: high)
2025-07-16 21:05:58.804 | INFO     | __main__:test_cognitive_limitation_detection:48 -   - CognitiveLimitationType.PREDICTION_LINEAR: Performance baixa em prediction_r2: 0.40 (esperado: >0.7) (Severidade: high)
2025-07-16 21:05:58.804 | INFO     | __main__:test_cognitive_limitation_detection:48 -   - CognitiveLimitationType.PLANNING_SEQUENTIAL: Performance baixa em planning_success_rate: 0.55 (esperado: >0.8) (Severidade: high)
2025-07-16 21:05:58.804 | INFO     | __main__:test_cognitive_limitation_detection:48 -   - CognitiveLimitationType.PATTERN_RECOGNITION_LIMITED: Performance baixa em pattern_recognition_f1: 0.60 (esperado: >0.8) (Severidade: medium)
2025-07-16 21:05:58.804 | INFO     | __main__:test_cognitive_capability_generation:55 - ğŸ§  Testando geraÃ§Ã£o de capacidades cognitivas...
2025-07-16 21:05:58.804 | INFO     | src.autonomous.intelligence_expansion:create_capability:560 - ğŸ§  Criando capacidade para limitaÃ§Ã£o: reasoning_linear
2025-07-16 21:05:58.804 | INFO     | src.autonomous.intelligence_expansion:create_capability:568 - âœ… Capacidade criada: Advanced Reasoning Engine
2025-07-16 21:05:58.805 | INFO     | __main__:test_cognitive_capability_generation:75 - âœ… Capacidade gerada: CapabilityType.ADVANCED_REASONING
2025-07-16 21:05:58.805 | INFO     | __main__:test_cognitive_capability_generation:76 -   - Nome: Advanced Reasoning Engine
2025-07-16 21:05:58.805 | INFO     | __main__:test_cognitive_capability_generation:77 -   - DescriÃ§Ã£o: Sistema de raciocÃ­nio avanÃ§ado com tree-of-thought, chain-of-thought, raciocÃ­nio paralelo e meta-raciocÃ­nio
2025-07-16 21:05:58.805 | INFO     | __main__:test_cognitive_capability_generation:78 -   - Abordagem: Multi-strategy reasoning with meta-cognitive validation
2025-07-16 21:05:58.805 | INFO     | __main__:test_cognitive_capability_generation:79 -   - Impacto esperado: 0.8
2025-07-16 21:05:58.805 | INFO     | __main__:test_capability_implementation:86 - âš™ï¸ Testando implementaÃ§Ã£o automÃ¡tica de capacidades...
2025-07-16 21:05:58.805 | INFO     | src.autonomous.intelligence_expansion:implement_capability:1611 - ğŸ› ï¸ Implementando capacidade: Advanced Reasoning Engine
2025-07-16 21:05:58.806 | INFO     | src.autonomous.intelligence_expansion:_integrate_capability:2048 - ğŸ”— Integrando capacidade: Advanced Reasoning Engine
2025-07-16 21:05:58.806 | INFO     | src.autonomous.intelligence_expansion:_test_capability:2081 - ğŸ§ª Testando capacidade: Advanced Reasoning Engine
2025-07-16 21:05:58.806 | INFO     | src.autonomous.intelligence_expansion:_deploy_capability:2116 - ğŸš€ Deployando capacidade: Advanced Reasoning Engine
2025-07-16 21:05:58.807 | INFO     | src.autonomous.intelligence_expansion:_validate_capability_performance:2151 - âœ… Validando performance: Advanced Reasoning Engine
2025-07-16 21:05:58.807 | INFO     | __main__:test_capability_implementation:108 - âœ… ImplementaÃ§Ã£o bem-sucedida
2025-07-16 21:05:58.807 | INFO     | __main__:test_capability_implementation:109 -   - Arquivos criados: 3
2025-07-16 21:05:58.807 | INFO     | __main__:test_capability_implementation:111 -     â€¢ src/cognitive/advanced_reasoning_engine.py
2025-07-16 21:05:58.807 | INFO     | __main__:test_capability_implementation:111 -     â€¢ src/cognitive/advanced_reasoning_interface.py
2025-07-16 21:05:58.807 | INFO     | __main__:test_capability_implementation:111 -     â€¢ tests/test_advanced_reasoning.py
2025-07-16 21:05:58.808 | INFO     | __main__:test_need_detection:118 - ğŸ” Testando detecÃ§Ã£o de necessidades funcionais...
2025-07-16 21:05:58.808 | INFO     | src.autonomous.intelligence_expansion:detect_unmet_needs:2252 - ğŸ” Detectando necessidades funcionais nÃ£o atendidas...
2025-07-16 21:05:58.872 | INFO     | src.autonomous.intelligence_expansion:detect_unmet_needs:2280 - ğŸ¯ Detectadas 21 necessidades nÃ£o atendidas
2025-07-16 21:05:58.872 | INFO     | __main__:test_need_detection:123 - âœ… Detectadas 21 necessidades funcionais:
2025-07-16 21:05:58.872 | INFO     | __main__:test_need_detection:125 -   - FunctionalityNeedType.API_MISSING: UsuÃ¡rios tentaram acessar /api/v1/sentiment-analysis 15 vezes (UrgÃªncia: medium)
2025-07-16 21:05:58.872 | INFO     | __main__:test_need_detection:125 -   - FunctionalityNeedType.API_MISSING: UsuÃ¡rios tentaram acessar /api/v1/recommendation-engine 8 vezes (UrgÃªncia: medium)
2025-07-16 21:05:58.872 | INFO     | __main__:test_need_detection:125 -   - FunctionalityNeedType.API_MISSING: UsuÃ¡rios tentaram acessar /api/v1/anomaly-detection 12 vezes (UrgÃªncia: medium)
2025-07-16 21:05:58.873 | INFO     | __main__:test_need_detection:125 -   - FunctionalityNeedType.API_MISSING: UsuÃ¡rios tentaram acessar /api/v1/auto-trading 25 vezes (UrgÃªncia: high)
2025-07-16 21:05:58.873 | INFO     | __main__:test_need_detection:125 -   - FunctionalityNeedType.API_MISSING: UsuÃ¡rios tentaram acessar /api/v1/predictive-analytics 18 vezes (UrgÃªncia: high)
2025-07-16 21:05:58.873 | INFO     | __main__:test_feature_generation:132 - ğŸš€ Testando geraÃ§Ã£o automÃ¡tica de features...
2025-07-16 21:05:58.873 | INFO     | src.autonomous.intelligence_expansion:create_feature:2723 - ğŸ—ï¸ Criando feature: Performance Optimization API
2025-07-16 21:05:58.873 | INFO     | src.autonomous.intelligence_expansion:create_feature:2763 - âœ… Feature criada: Performance Optimization API
2025-07-16 21:05:58.873 | INFO     | __main__:test_feature_generation:155 - âœ… Feature gerada: Performance Optimization API
2025-07-16 21:05:58.874 | INFO     | __main__:test_feature_generation:156 -   - DescriÃ§Ã£o: API de otimizaÃ§Ã£o de performance em tempo real
2025-07-16 21:05:58.874 | INFO     | __main__:test_feature_generation:157 -   - APIs: 3 endpoints
2025-07-16 21:05:58.874 | INFO     | __main__:test_feature_generation:158 -   - Testes: 0 arquivos de teste
2025-07-16 21:05:58.874 | INFO     | __main__:test_auto_integration:165 - ğŸ”§ Testando integraÃ§Ã£o automÃ¡tica...
2025-07-16 21:05:58.874 | INFO     | src.autonomous.intelligence_expansion:integrate_feature:3725 - ğŸ”— Integrando feature: Real-time Performance Optimization API
2025-07-16 21:05:58.874 | INFO     | __main__:test_auto_integration:189 - âœ… IntegraÃ§Ã£o bem-sucedida
2025-07-16 21:05:58.874 | INFO     | __main__:test_auto_integration:190 -   - Etapas completadas: 0
2025-07-16 21:05:58.874 | INFO     | __main__:run_comprehensive_demo:280 - 
================================================================================
2025-07-16 21:05:58.874 | INFO     | __main__:run_comprehensive_demo:283 - ğŸ“‹ FASE 2: Testando ciclo completo de expansÃ£o
2025-07-16 21:05:58.874 | INFO     | __main__:run_comprehensive_demo:284 - --------------------------------------------------
2025-07-16 21:05:58.875 | INFO     | __main__:test_complete_expansion_cycle:200 - ğŸŒŸ Testando ciclo completo de expansÃ£o da inteligÃªncia...
2025-07-16 21:05:58.875 | INFO     | __main__:test_complete_expansion_cycle:231 - ğŸ”„ Executando ciclo Ãºnico de expansÃ£o...
2025-07-16 21:05:58.875 | INFO     | src.autonomous.intelligence_expansion:expand_cognitive_capabilities:4186 - ğŸ§  FASE 1: ExpansÃ£o de Capacidades Cognitivas
2025-07-16 21:05:58.875 | INFO     | src.autonomous.intelligence_expansion:detect_limitations:177 - ğŸ” Detectando limitaÃ§Ãµes cognitivas do sistema...
2025-07-16 21:05:58.982 | INFO     | src.autonomous.intelligence_expansion:detect_limitations:205 - ğŸ¯ Detectadas 5 limitaÃ§Ãµes cognitivas
2025-07-16 21:05:58.982 | INFO     | src.autonomous.intelligence_expansion:expand_cognitive_capabilities:4195 - ğŸ¯ Detectadas 5 limitaÃ§Ãµes cognitivas
2025-07-16 21:05:58.982 | INFO     | src.autonomous.intelligence_expansion:create_capability:560 - ğŸ§  Criando capacidade para limitaÃ§Ã£o: reasoning_linear
2025-07-16 21:05:58.982 | INFO     | src.autonomous.intelligence_expansion:create_capability:568 - âœ… Capacidade criada: Advanced Reasoning Engine
2025-07-16 21:05:58.983 | INFO     | src.autonomous.intelligence_expansion:implement_capability:1611 - ğŸ› ï¸ Implementando capacidade: Advanced Reasoning Engine
2025-07-16 21:05:58.983 | INFO     | src.autonomous.intelligence_expansion:_integrate_capability:2048 - ğŸ”— Integrando capacidade: Advanced Reasoning Engine
2025-07-16 21:05:58.983 | INFO     | src.autonomous.intelligence_expansion:_test_capability:2081 - ğŸ§ª Testando capacidade: Advanced Reasoning Engine
2025-07-16 21:05:58.983 | INFO     | src.autonomous.intelligence_expansion:_deploy_capability:2116 - ğŸš€ Deployando capacidade: Advanced Reasoning Engine
2025-07-16 21:05:58.983 | INFO     | src.autonomous.intelligence_expansion:_validate_capability_performance:2151 - âœ… Validando performance: Advanced Reasoning Engine
2025-07-16 21:05:58.983 | ERROR    | src.autonomous.intelligence_expansion:expand_cognitive_capabilities:4220 - Erro ao processar limitaÃ§Ã£o CognitiveLimitationType.REASONING_LINEAR: 'types.SimpleNamespace' object is not subscriptable
2025-07-16 21:05:58.984 | INFO     | src.autonomous.intelligence_expansion:create_capability:560 - ğŸ§  Criando capacidade para limitaÃ§Ã£o: learning_static
2025-07-16 21:05:58.984 | INFO     | src.autonomous.intelligence_expansion:create_capability:568 - âœ… Capacidade criada: Meta-Learning Engine
2025-07-16 21:05:58.984 | INFO     | src.autonomous.intelligence_expansion:implement_capability:1611 - ğŸ› ï¸ Implementando capacidade: Meta-Learning Engine
2025-07-16 21:05:58.984 | INFO     | src.autonomous.intelligence_expansion:_integrate_capability:2048 - ğŸ”— Integrando capacidade: Meta-Learning Engine
2025-07-16 21:05:58.984 | INFO     | src.autonomous.intelligence_expansion:_test_capability:2081 - ğŸ§ª Testando capacidade: Meta-Learning Engine
2025-07-16 21:05:58.984 | INFO     | src.autonomous.intelligence_expansion:_deploy_capability:2116 - ğŸš€ Deployando capacidade: Meta-Learning Engine
2025-07-16 21:05:58.984 | INFO     | src.autonomous.intelligence_expansion:_validate_capability_performance:2151 - âœ… Validando performance: Meta-Learning Engine
2025-07-16 21:05:58.985 | ERROR    | src.autonomous.intelligence_expansion:expand_cognitive_capabilities:4220 - Erro ao processar limitaÃ§Ã£o CognitiveLimitationType.LEARNING_STATIC: 'types.SimpleNamespace' object is not subscriptable
2025-07-16 21:05:58.985 | INFO     | src.autonomous.intelligence_expansion:create_capability:560 - ğŸ§  Criando capacidade para limitaÃ§Ã£o: prediction_linear
2025-07-16 21:05:58.985 | INFO     | src.autonomous.intelligence_expansion:create_capability:568 - âœ… Capacidade criada: Non-Linear Prediction Engine
2025-07-16 21:05:58.985 | INFO     | src.autonomous.intelligence_expansion:implement_capability:1611 - ğŸ› ï¸ Implementando capacidade: Non-Linear Prediction Engine
2025-07-16 21:05:58.985 | INFO     | src.autonomous.intelligence_expansion:_integrate_capability:2048 - ğŸ”— Integrando capacidade: Non-Linear Prediction Engine
2025-07-16 21:05:58.985 | INFO     | src.autonomous.intelligence_expansion:_test_capability:2081 - ğŸ§ª Testando capacidade: Non-Linear Prediction Engine
2025-07-16 21:05:58.985 | INFO     | src.autonomous.intelligence_expansion:_deploy_capability:2116 - ğŸš€ Deployando capacidade: Non-Linear Prediction Engine
2025-07-16 21:05:58.985 | INFO     | src.autonomous.intelligence_expansion:_validate_capability_performance:2151 - âœ… Validando performance: Non-Linear Prediction Engine
2025-07-16 21:05:58.986 | ERROR    | src.autonomous.intelligence_expansion:expand_cognitive_capabilities:4220 - Erro ao processar limitaÃ§Ã£o CognitiveLimitationType.PREDICTION_LINEAR: 'types.SimpleNamespace' object is not subscriptable
2025-07-16 21:05:58.986 | INFO     | src.autonomous.intelligence_expansion:create_capability:560 - ğŸ§  Criando capacidade para limitaÃ§Ã£o: planning_sequential
2025-07-16 21:05:58.986 | INFO     | src.autonomous.intelligence_expansion:create_capability:568 - âœ… Capacidade criada: Hierarchical Planning Engine
2025-07-16 21:05:58.986 | INFO     | src.autonomous.intelligence_expansion:implement_capability:1611 - ğŸ› ï¸ Implementando capacidade: Hierarchical Planning Engine
2025-07-16 21:05:58.986 | INFO     | src.autonomous.intelligence_expansion:_integrate_capability:2048 - ğŸ”— Integrando capacidade: Hierarchical Planning Engine
2025-07-16 21:05:58.986 | INFO     | src.autonomous.intelligence_expansion:_test_capability:2081 - ğŸ§ª Testando capacidade: Hierarchical Planning Engine
2025-07-16 21:05:58.986 | INFO     | src.autonomous.intelligence_expansion:_deploy_capability:2116 - ğŸš€ Deployando capacidade: Hierarchical Planning Engine
2025-07-16 21:05:58.987 | INFO     | src.autonomous.intelligence_expansion:_validate_capability_performance:2151 - âœ… Validando performance: Hierarchical Planning Engine
2025-07-16 21:05:58.987 | ERROR    | src.autonomous.intelligence_expansion:expand_cognitive_capabilities:4220 - Erro ao processar limitaÃ§Ã£o CognitiveLimitationType.PLANNING_SEQUENTIAL: 'types.SimpleNamespace' object is not subscriptable
2025-07-16 21:05:58.987 | INFO     | src.autonomous.intelligence_expansion:create_capability:560 - ğŸ§  Criando capacidade para limitaÃ§Ã£o: pattern_recognition_limited
2025-07-16 21:05:58.987 | INFO     | src.autonomous.intelligence_expansion:create_capability:568 - âœ… Capacidade criada: Pattern Synthesis Engine
2025-07-16 21:05:58.987 | INFO     | src.autonomous.intelligence_expansion:implement_capability:1611 - ğŸ› ï¸ Implementando capacidade: Pattern Synthesis Engine
2025-07-16 21:05:58.987 | INFO     | src.autonomous.intelligence_expansion:_integrate_capability:2048 - ğŸ”— Integrando capacidade: Pattern Synthesis Engine
2025-07-16 21:05:58.987 | INFO     | src.autonomous.intelligence_expansion:_test_capability:2081 - ğŸ§ª Testando capacidade: Pattern Synthesis Engine
2025-07-16 21:05:58.988 | INFO     | src.autonomous.intelligence_expansion:_deploy_capability:2116 - ğŸš€ Deployando capacidade: Pattern Synthesis Engine
2025-07-16 21:05:58.988 | INFO     | src.autonomous.intelligence_expansion:_validate_capability_performance:2151 - âœ… Validando performance: Pattern Synthesis Engine
2025-07-16 21:05:58.988 | ERROR    | src.autonomous.intelligence_expansion:expand_cognitive_capabilities:4220 - Erro ao processar limitaÃ§Ã£o CognitiveLimitationType.PATTERN_RECOGNITION_LIMITED: 'types.SimpleNamespace' object is not subscriptable
2025-07-16 21:05:58.988 | INFO     | src.autonomous.intelligence_expansion:evolve_functionalities:4233 - ğŸŒ FASE 2: EvoluÃ§Ã£o de Funcionalidades
2025-07-16 21:05:58.988 | INFO     | src.autonomous.intelligence_expansion:detect_unmet_needs:2252 - ğŸ” Detectando necessidades funcionais nÃ£o atendidas...
2025-07-16 21:05:59.045 | INFO     | src.autonomous.intelligence_expansion:detect_unmet_needs:2280 - ğŸ¯ Detectadas 21 necessidades nÃ£o atendidas
2025-07-16 21:05:59.045 | INFO     | src.autonomous.intelligence_expansion:evolve_functionalities:4242 - ğŸ¯ Detectadas 21 necessidades funcionais
2025-07-16 21:05:59.045 | INFO     | src.autonomous.intelligence_expansion:create_feature:2723 - ğŸ—ï¸ Criando feature: API faltante: /api/v1/auto-trading
2025-07-16 21:05:59.046 | INFO     | src.autonomous.intelligence_expansion:create_feature:2763 - âœ… Feature criada: API faltante: /api/v1/auto-trading
2025-07-16 21:05:59.046 | INFO     | src.autonomous.intelligence_expansion:evolve_functionalities:4261 - âœ… Funcionalidade criada: API faltante: /api/v1/auto-trading
2025-07-16 21:05:59.046 | INFO     | src.autonomous.intelligence_expansion:create_feature:2723 - ğŸ—ï¸ Criando feature: API faltante: /api/v1/predictive-analytics
2025-07-16 21:05:59.047 | INFO     | src.autonomous.intelligence_expansion:create_feature:2763 - âœ… Feature criada: API faltante: /api/v1/predictive-analytics
2025-07-16 21:05:59.047 | INFO     | src.autonomous.intelligence_expansion:evolve_functionalities:4261 - âœ… Funcionalidade criada: API faltante: /api/v1/predictive-analytics
2025-07-16 21:05:59.048 | INFO     | src.autonomous.intelligence_expansion:create_feature:2723 - ğŸ—ï¸ Criando feature: ResoluÃ§Ã£o de erro recorrente: data_format_conversion_failed
2025-07-16 21:05:59.048 | INFO     | src.autonomous.intelligence_expansion:create_feature:2763 - âœ… Feature criada: ResoluÃ§Ã£o de erro recorrente: data_format_conversion_failed
2025-07-16 21:05:59.048 | INFO     | src.autonomous.intelligence_expansion:evolve_functionalities:4261 - âœ… Funcionalidade criada: ResoluÃ§Ã£o de erro recorrente: data_format_conversion_failed
2025-07-16 21:05:59.048 | INFO     | src.autonomous.intelligence_expansion:integrate_all_improvements:4289 - ğŸ”— FASE 3: IntegraÃ§Ã£o Total
2025-07-16 21:05:59.049 | INFO     | src.autonomous.intelligence_expansion:integrate_feature:3725 - ğŸ”— Integrando feature: API faltante: /api/v1/auto-trading
2025-07-16 21:05:59.049 | INFO     | src.autonomous.intelligence_expansion:integrate_all_improvements:4314 - ğŸ”— Funcionalidade integrada: API faltante: /api/v1/auto-trading
2025-07-16 21:05:59.049 | INFO     | src.autonomous.intelligence_expansion:integrate_feature:3725 - ğŸ”— Integrando feature: API faltante: /api/v1/predictive-analytics
2025-07-16 21:05:59.049 | INFO     | src.autonomous.intelligence_expansion:integrate_all_improvements:4314 - ğŸ”— Funcionalidade integrada: API faltante: /api/v1/predictive-analytics
2025-07-16 21:05:59.050 | INFO     | src.autonomous.intelligence_expansion:integrate_feature:3725 - ğŸ”— Integrando feature: ResoluÃ§Ã£o de erro recorrente: data_format_conversion_failed
2025-07-16 21:05:59.050 | INFO     | src.autonomous.intelligence_expansion:integrate_all_improvements:4314 - ğŸ”— Funcionalidade integrada: ResoluÃ§Ã£o de erro recorrente: data_format_conversion_failed
2025-07-16 21:05:59.050 | INFO     | src.autonomous.intelligence_expansion:validate_and_optimize:4332 - âœ… FASE 4: ValidaÃ§Ã£o e OtimizaÃ§Ã£o
2025-07-16 21:05:59.050 | INFO     | __main__:test_complete_expansion_cycle:234 - ğŸ“Š Resultados do ciclo de expansÃ£o:
2025-07-16 21:05:59.050 | INFO     | __main__:test_complete_expansion_cycle:235 -   âœ… ExpansÃ£o cognitiva: False
2025-07-16 21:05:59.051 | INFO     | __main__:test_complete_expansion_cycle:236 -   âœ… EvoluÃ§Ã£o funcional: False
2025-07-16 21:05:59.051 | INFO     | __main__:test_complete_expansion_cycle:237 -   âœ… IntegraÃ§Ã£o: False
2025-07-16 21:05:59.051 | INFO     | __main__:test_complete_expansion_cycle:238 -   âœ… ValidaÃ§Ã£o: False
2025-07-16 21:05:59.051 | INFO     | __main__:test_complete_expansion_cycle:244 - ğŸ§  Capacidades cognitivas implementadas: 0
2025-07-16 21:05:59.051 | INFO     | __main__:test_complete_expansion_cycle:248 - ğŸš€ Features funcionais implementadas: 0
2025-07-16 21:05:59.052 | INFO     | __main__:run_comprehensive_demo:288 - 
================================================================================
2025-07-16 21:05:59.052 | INFO     | __main__:run_comprehensive_demo:291 - ğŸ“‹ SUMÃRIO FINAL
2025-07-16 21:05:59.052 | INFO     | __main__:run_comprehensive_demo:292 - --------------------------------------------------
2025-07-16 21:05:59.052 | INFO     | __main__:run_comprehensive_demo:293 - âœ… Todos os testes executados com sucesso!
2025-07-16 21:05:59.052 | INFO     | __main__:run_comprehensive_demo:294 - âœ… Sistema detectou 5 limitaÃ§Ãµes cognitivas
2025-07-16 21:05:59.053 | INFO     | __main__:run_comprehensive_demo:295 - âœ… Sistema detectou 21 necessidades funcionais
2025-07-16 21:05:59.053 | INFO     | __main__:run_comprehensive_demo:296 - âœ… Capacidade cognitiva gerada: CapabilityType.ADVANCED_REASONING
2025-07-16 21:05:59.053 | INFO     | __main__:run_comprehensive_demo:297 - âœ… Feature funcional gerada: Performance Optimization API
2025-07-16 21:05:59.053 | INFO     | __main__:run_comprehensive_demo:298 - âœ… Ciclo completo de expansÃ£o executado
2025-07-16 21:05:59.053 | INFO     | __main__:run_comprehensive_demo:300 - 
ğŸŒŸ SISTEMA DE AUTO-EXPANSÃƒO DE INTELIGÃŠNCIA OPERACIONAL! ğŸŒŸ
2025-07-16 21:05:59.053 | INFO     | __main__:run_comprehensive_demo:301 - O sistema demonstrou capacidade de:
2025-07-16 21:05:59.053 | INFO     | __main__:run_comprehensive_demo:302 -   â€¢ Detectar suas prÃ³prias limitaÃ§Ãµes cognitivas
2025-07-16 21:05:59.054 | INFO     | __main__:run_comprehensive_demo:303 -   â€¢ Gerar novas capacidades mentais
2025-07-16 21:05:59.054 | INFO     | __main__:run_comprehensive_demo:304 -   â€¢ Auto-implementar melhorias no cÃ³digo
2025-07-16 21:05:59.054 | INFO     | __main__:run_comprehensive_demo:305 -   â€¢ Detectar necessidades funcionais nÃ£o atendidas
2025-07-16 21:05:59.054 | INFO     | __main__:run_comprehensive_demo:306 -   â€¢ Criar features completas automaticamente
2025-07-16 21:05:59.054 | INFO     | __main__:run_comprehensive_demo:307 -   â€¢ Integrar tudo seamlessly no sistema principal
2025-07-16 21:05:59.054 | INFO     | __main__:run_comprehensive_demo:308 -   â€¢ Executar ciclos completos de auto-expansÃ£o
2025-07-16 21:05:59.055 | INFO     | __main__:run_comprehensive_demo:309 - 
ğŸš€ VERDADEIRA SINGULARIDADE ARTIFICIAL ATINGIDA! ğŸš€
